Performing C SOURCE FILE Test CMAKE_HAVE_LIBC_PTHREAD failed with the following output:
Change Dir: /home/cheng/fault_tolerant_control/build/quad_msgs/CMakeFiles/CMakeTmp

Run Build Command(s):/usr/bin/make cmTC_eacc1/fast && /usr/bin/make  -f CMakeFiles/cmTC_eacc1.dir/build.make CMakeFiles/cmTC_eacc1.dir/build
make[1]: 进入目录“/home/cheng/fault_tolerant_control/build/quad_msgs/CMakeFiles/CMakeTmp”
Building C object CMakeFiles/cmTC_eacc1.dir/src.c.o
/usr/bin/cc -DCMAKE_HAVE_LIBC_PTHREAD   -o CMakeFiles/cmTC_eacc1.dir/src.c.o -c /home/cheng/fault_tolerant_control/build/quad_msgs/CMakeFiles/CMakeTmp/src.c
Linking C executable cmTC_eacc1
/usr/local/bin/cmake -E cmake_link_script CMakeFiles/cmTC_eacc1.dir/link.txt --verbose=1
/usr/bin/cc -rdynamic CMakeFiles/cmTC_eacc1.dir/src.c.o -o cmTC_eacc1 
CMakeFiles/cmTC_eacc1.dir/src.c.o：在函数‘main’中：
src.c:(.text+0x3e)：对‘pthread_create’未定义的引用
src.c:(.text+0x4a)：对‘pthread_detach’未定义的引用
src.c:(.text+0x56)：对‘pthread_cancel’未定义的引用
src.c:(.text+0x67)：对‘pthread_join’未定义的引用
src.c:(.text+0x7b)：对‘pthread_atfork’未定义的引用
collect2: error: ld returned 1 exit status
CMakeFiles/cmTC_eacc1.dir/build.make:105: recipe for target 'cmTC_eacc1' failed
make[1]: *** [cmTC_eacc1] Error 1
make[1]: 离开目录“/home/cheng/fault_tolerant_control/build/quad_msgs/CMakeFiles/CMakeTmp”
Makefile:140: recipe for target 'cmTC_eacc1/fast' failed
make: *** [cmTC_eacc1/fast] Error 2


Source file was:
#include <pthread.h>

static void* test_func(void* data)
{
  return data;
}

int main(void)
{
  pthread_t thread;
  pthread_create(&thread, NULL, test_func, NULL);
  pthread_detach(thread);
  pthread_cancel(thread);
  pthread_join(thread, NULL);
  pthread_atfork(NULL, NULL, NULL);
  pthread_exit(NULL);

  return 0;
}

Determining if the function pthread_create exists in the pthreads failed with the following output:
Change Dir: /home/cheng/fault_tolerant_control/build/quad_msgs/CMakeFiles/CMakeTmp

Run Build Command(s):/usr/bin/make cmTC_86edd/fast && /usr/bin/make  -f CMakeFiles/cmTC_86edd.dir/build.make CMakeFiles/cmTC_86edd.dir/build
make[1]: 进入目录“/home/cheng/fault_tolerant_control/build/quad_msgs/CMakeFiles/CMakeTmp”
Building C object CMakeFiles/cmTC_86edd.dir/CheckFunctionExists.c.o
/usr/bin/cc   -DCHECK_FUNCTION_EXISTS=pthread_create -o CMakeFiles/cmTC_86edd.dir/CheckFunctionExists.c.o -c /usr/local/share/cmake-3.19/Modules/CheckFunctionExists.c
Linking C executable cmTC_86edd
/usr/local/bin/cmake -E cmake_link_script CMakeFiles/cmTC_86edd.dir/link.txt --verbose=1
/usr/bin/cc  -DCHECK_FUNCTION_EXISTS=pthread_create -rdynamic CMakeFiles/cmTC_86edd.dir/CheckFunctionExists.c.o -o cmTC_86edd  -lpthreads 
/usr/bin/ld: 找不到 -lpthreads
collect2: error: ld returned 1 exit status
CMakeFiles/cmTC_86edd.dir/build.make:105: recipe for target 'cmTC_86edd' failed
make[1]: *** [cmTC_86edd] Error 1
make[1]: 离开目录“/home/cheng/fault_tolerant_control/build/quad_msgs/CMakeFiles/CMakeTmp”
Makefile:140: recipe for target 'cmTC_86edd/fast' failed
make: *** [cmTC_86edd/fast] Error 2



