Performing C SOURCE FILE Test CMAKE_HAVE_LIBC_PTHREAD failed with the following output:
Change Dir: /home/cheng/fault_tolerant_control/build/mav_system_msgs/CMakeFiles/CMakeTmp

Run Build Command(s):/usr/bin/make cmTC_e6649/fast && /usr/bin/make -f CMakeFiles/cmTC_e6649.dir/build.make CMakeFiles/cmTC_e6649.dir/build
make[1]: 进入目录“/home/cheng/fault_tolerant_control/build/mav_system_msgs/CMakeFiles/CMakeTmp”
Building C object CMakeFiles/cmTC_e6649.dir/src.c.o
/usr/bin/cc   -DCMAKE_HAVE_LIBC_PTHREAD   -o CMakeFiles/cmTC_e6649.dir/src.c.o   -c /home/cheng/fault_tolerant_control/build/mav_system_msgs/CMakeFiles/CMakeTmp/src.c
Linking C executable cmTC_e6649
/usr/local/bin/cmake -E cmake_link_script CMakeFiles/cmTC_e6649.dir/link.txt --verbose=1
/usr/bin/cc  -DCMAKE_HAVE_LIBC_PTHREAD    -rdynamic CMakeFiles/cmTC_e6649.dir/src.c.o  -o cmTC_e6649 
CMakeFiles/cmTC_e6649.dir/src.c.o：在函数‘main’中：
src.c:(.text+0x3e)：对‘pthread_create’未定义的引用
src.c:(.text+0x4a)：对‘pthread_detach’未定义的引用
src.c:(.text+0x5b)：对‘pthread_join’未定义的引用
src.c:(.text+0x6f)：对‘pthread_atfork’未定义的引用
collect2: error: ld returned 1 exit status
CMakeFiles/cmTC_e6649.dir/build.make:86: recipe for target 'cmTC_e6649' failed
make[1]: *** [cmTC_e6649] Error 1
make[1]: 离开目录“/home/cheng/fault_tolerant_control/build/mav_system_msgs/CMakeFiles/CMakeTmp”
Makefile:121: recipe for target 'cmTC_e6649/fast' failed
make: *** [cmTC_e6649/fast] Error 2


Source file was:
#include <pthread.h>

void* test_func(void* data)
{
  return data;
}

int main(void)
{
  pthread_t thread;
  pthread_create(&thread, NULL, test_func, NULL);
  pthread_detach(thread);
  pthread_join(thread, NULL);
  pthread_atfork(NULL, NULL, NULL);
  pthread_exit(NULL);

  return 0;
}

Determining if the function pthread_create exists in the pthreads failed with the following output:
Change Dir: /home/cheng/fault_tolerant_control/build/mav_system_msgs/CMakeFiles/CMakeTmp

Run Build Command(s):/usr/bin/make cmTC_0a60a/fast && /usr/bin/make -f CMakeFiles/cmTC_0a60a.dir/build.make CMakeFiles/cmTC_0a60a.dir/build
make[1]: 进入目录“/home/cheng/fault_tolerant_control/build/mav_system_msgs/CMakeFiles/CMakeTmp”
Building C object CMakeFiles/cmTC_0a60a.dir/CheckFunctionExists.c.o
/usr/bin/cc   -DCHECK_FUNCTION_EXISTS=pthread_create   -o CMakeFiles/cmTC_0a60a.dir/CheckFunctionExists.c.o   -c /usr/local/share/cmake-3.15/Modules/CheckFunctionExists.c
Linking C executable cmTC_0a60a
/usr/local/bin/cmake -E cmake_link_script CMakeFiles/cmTC_0a60a.dir/link.txt --verbose=1
/usr/bin/cc  -DCHECK_FUNCTION_EXISTS=pthread_create    -rdynamic CMakeFiles/cmTC_0a60a.dir/CheckFunctionExists.c.o  -o cmTC_0a60a -lpthreads 
/usr/bin/ld: 找不到 -lpthreads
collect2: error: ld returned 1 exit status
CMakeFiles/cmTC_0a60a.dir/build.make:86: recipe for target 'cmTC_0a60a' failed
make[1]: *** [cmTC_0a60a] Error 1
make[1]: 离开目录“/home/cheng/fault_tolerant_control/build/mav_system_msgs/CMakeFiles/CMakeTmp”
Makefile:121: recipe for target 'cmTC_0a60a/fast' failed
make: *** [cmTC_0a60a/fast] Error 2



