[  0%] Built target trajectory_msgs_generate_messages_nodejs
[  0%] Built target mavros_msgs_generate_messages_nodejs
[  0%] Built target tf2_msgs_generate_messages_nodejs
[  0%] Built target trajectory_msgs_generate_messages_py
[  0%] Built target trajectory_msgs_generate_messages_lisp
[  0%] Built target diagnostic_msgs_generate_messages_nodejs
[  0%] Built target roscpp_generate_messages_py
[  0%] Built target diagnostic_msgs_generate_messages_lisp
[  0%] Built target geometry_msgs_generate_messages_lisp
[  0%] Built target trajectory_msgs_generate_messages_eus
[  0%] Built target uuid_msgs_generate_messages_lisp
[  0%] Built target uuid_msgs_generate_messages_eus
[  0%] Built target quad_msgs_generate_messages_lisp
[  0%] Built target quad_msgs_generate_messages_cpp
[  0%] Built target diagnostic_msgs_generate_messages_py
[  0%] Built target roscpp_generate_messages_lisp
[  0%] Built target actionlib_msgs_generate_messages_lisp
[  0%] Built target diagnostic_msgs_generate_messages_eus
[  0%] Built target std_msgs_generate_messages_cpp
[  0%] Built target std_msgs_generate_messages_py
[  0%] Built target rosgraph_msgs_generate_messages_lisp
[  0%] Built target nav_msgs_generate_messages_nodejs
[  0%] Built target std_msgs_generate_messages_nodejs
[  0%] Built target actionlib_msgs_generate_messages_nodejs
[  0%] Built target geometry_msgs_generate_messages_nodejs
[  0%] Built target quad_msgs_generate_messages_eus
[  0%] Built target geographic_msgs_generate_messages_py
[  0%] Built target sensor_msgs_generate_messages_nodejs
[  0%] Built target roscpp_generate_messages_nodejs
[  0%] Built target roscpp_generate_messages_cpp
[  0%] Built target actionlib_generate_messages_cpp
[  0%] Built target sensor_msgs_generate_messages_eus
[  0%] Built target std_msgs_generate_messages_lisp
[  0%] Built target rosgraph_msgs_generate_messages_cpp
[  0%] Built target rosgraph_msgs_generate_messages_eus
[  0%] Built target geometry_msgs_generate_messages_eus
[  0%] Built target rosgraph_msgs_generate_messages_nodejs
[  0%] Built target std_msgs_generate_messages_eus
[  0%] Built target quad_msgs_generate_messages_py
[  0%] Built target geometry_msgs_generate_messages_py
[  0%] Built target geographic_msgs_generate_messages_lisp
[  0%] Built target geographic_msgs_generate_messages_eus
[  0%] Built target geographic_msgs_generate_messages_nodejs
[  0%] Built target geographic_msgs_generate_messages_cpp
[  0%] Built target actionlib_generate_messages_nodejs
[  0%] Built target uuid_msgs_generate_messages_cpp
[  0%] Built target trajectory_msgs_generate_messages_cpp
[  0%] Built target uuid_msgs_generate_messages_py
[  0%] Built target mavros_msgs_generate_messages_cpp
[  0%] Built target uuid_msgs_generate_messages_nodejs
[  0%] Built target mavros_msgs_generate_messages_eus
[  0%] Built target sensor_msgs_generate_messages_lisp
[  0%] Built target nav_msgs_generate_messages_cpp
[  0%] Built target mavros_msgs_generate_messages_py
[  0%] Built target mavros_msgs_generate_messages_lisp
[  0%] Built target sensor_msgs_generate_messages_py
[  0%] Built target sensor_msgs_generate_messages_cpp
[  0%] Built target roscpp_generate_messages_eus
[  0%] Built target actionlib_msgs_generate_messages_cpp
[  0%] Built target rosgraph_msgs_generate_messages_py
[  0%] Built target nav_msgs_generate_messages_lisp
[  0%] Built target diagnostic_msgs_generate_messages_cpp
[  0%] Built target actionlib_msgs_generate_messages_eus
[  0%] Built target actionlib_msgs_generate_messages_py
[  0%] Built target actionlib_generate_messages_eus
[  0%] Built target tf2_msgs_generate_messages_cpp
[  0%] Built target actionlib_generate_messages_lisp
[  0%] Built target quad_msgs_generate_messages_nodejs
[  0%] Built target geometry_msgs_generate_messages_cpp
[  0%] Built target nav_msgs_generate_messages_py
[  0%] Built target nav_msgs_generate_messages_eus
[  0%] Built target actionlib_generate_messages_py
[  0%] Built target tf2_msgs_generate_messages_eus
[  0%] Built target tf2_msgs_generate_messages_lisp
[  0%] Built target tf2_msgs_generate_messages_py
[35m[1mScanning dependencies of target ftc_ctrl[0m
[ 25%] [32mBuilding CXX object CMakeFiles/ftc_ctrl.dir/src/ftc_ctrl.cpp.o[0m
[01m[K/home/cheng/fault_tolerant_control/src/ftc_ctrl/src/ftc_ctrl.cpp:614:0:[m[K [01;31m[Kerror: [m[Kunterminated argument list invoking macro "ROS_INFO"
 
 
[01m[K/home/cheng/fault_tolerant_control/src/ftc_ctrl/src/ftc_ctrl.cpp:[m[K In member function ‘[01m[Kvoid ftc::NDICtrl::controller_innerloop()[m[K’:
[01m[K/home/cheng/fault_tolerant_control/src/ftc_ctrl/src/ftc_ctrl.cpp:433:5:[m[K [01;31m[Kerror: [m[K‘[01m[KROS_INFO[m[K’ was not declared in this scope
     [01;31m[KROS_INFO[m[K("inverse: %f", state_.orientation.inverse()[0];
     [01;31m[K^~~~~~~~[m[K
[01m[K/home/cheng/fault_tolerant_control/src/ftc_ctrl/src/ftc_ctrl.cpp:433:5:[m[K [01;31m[Kerror: [m[Kexpected ‘[01m[K}[m[K’ at end of input
[01m[K/home/cheng/fault_tolerant_control/src/ftc_ctrl/src/ftc_ctrl.cpp:[m[K At global scope:
[01m[K/home/cheng/fault_tolerant_control/src/ftc_ctrl/src/ftc_ctrl.cpp:433:5:[m[K [01;31m[Kerror: [m[Kexpected ‘[01m[K}[m[K’ at end of input
CMakeFiles/ftc_ctrl.dir/build.make:75: recipe for target 'CMakeFiles/ftc_ctrl.dir/src/ftc_ctrl.cpp.o' failed
make[2]: *** [CMakeFiles/ftc_ctrl.dir/src/ftc_ctrl.cpp.o] Error 1
CMakeFiles/Makefile2:556: recipe for target 'CMakeFiles/ftc_ctrl.dir/all' failed
make[1]: *** [CMakeFiles/ftc_ctrl.dir/all] Error 2
Makefile:140: recipe for target 'all' failed
make: *** [all] Error 2
