In file included from [01m[K/opt/ros/melodic/include/ros/ros.h:40:0[m[K,
                 from [01m[K/home/cheng/fault_tolerant_control/src/ftc_ctrl/src/ftc_ctrl.cpp:21[m[K:
[01m[K/home/cheng/fault_tolerant_control/src/ftc_ctrl/src/ftc_ctrl.cpp:[m[K In member function ‘[01m[Kvoid ftc::NDICtrl::controller_innerloop()[m[K’:
[01m[K/home/cheng/fault_tolerant_control/src/ftc_ctrl/src/ftc_ctrl.cpp:433:57:[m[K [01;31m[Kerror: [m[Kno matching function for call to ‘[01m[KEigen::Quaternion<double>::inverse(int)[m[K’
     ROS_INFO("inverse: %f", state_.orientation.inverse(0[01;31m[K)[m[K(0));
                                                         [01;31m[K^[m[K
[01m[K/opt/ros/melodic/include/ros/console.h:348:165:[m[K [01;36m[Knote: [m[Kin definition of macro ‘[01m[KROSCONSOLE_PRINT_AT_LOCATION_WITH_FILTER[m[K’
     ::ros::console::print(filter, __rosconsole_define_location__loc.logger_, __rosconsole_define_location__loc.level_, __FILE__, __LINE__, __ROSCONSOLE_FUNCTION__, [01;36m[K__VA_ARGS__[m[K)
                                                                                                                                                                     [01;36m[K^~~~~~~~~~~[m[K
[01m[K/opt/ros/melodic/include/ros/console.h:387:7:[m[K [01;36m[Knote: [m[Kin expansion of macro ‘[01m[KROSCONSOLE_PRINT_AT_LOCATION[m[K’
       [01;36m[KROSCONSOLE_PRINT_AT_LOCATION[m[K(__VA_ARGS__); \
       [01;36m[K^~~~~~~~~~~~~~~~~~~~~~~~~~~~[m[K
[01m[K/opt/ros/melodic/include/ros/console.h:572:35:[m[K [01;36m[Knote: [m[Kin expansion of macro ‘[01m[KROS_LOG_COND[m[K’
 #define ROS_LOG(level, name, ...) [01;36m[KROS_LOG_COND[m[K(true, level, name, __VA_ARGS__)
                                   [01;36m[K^~~~~~~~~~~~[m[K
[01m[K/opt/ros/melodic/include/rosconsole/macros_generated.h:110:23:[m[K [01;36m[Knote: [m[Kin expansion of macro ‘[01m[KROS_LOG[m[K’
 #define ROS_INFO(...) [01;36m[KROS_LOG[m[K(::ros::console::levels::Info, ROSCONSOLE_DEFAULT_NAME, __VA_ARGS__)
                       [01;36m[K^~~~~~~[m[K
[01m[K/home/cheng/fault_tolerant_control/src/ftc_ctrl/src/ftc_ctrl.cpp:433:5:[m[K [01;36m[Knote: [m[Kin expansion of macro ‘[01m[KROS_INFO[m[K’
     [01;36m[KR[m[KOS_INFO("inverse: %f", state_.orientation.inverse(0)(0));
     [01;36m[K^[m[K
In file included from [01m[K/usr/include/eigen3/Eigen/Geometry:42:0[m[K,
                 from [01m[K/usr/include/eigen3/Eigen/Dense:6[m[K,
                 from [01m[K/home/cheng/fault_tolerant_control/src/ftc_ctrl/include/ftc_ctrl/ftc_ctrl.h:31[m[K,
                 from [01m[K/home/cheng/fault_tolerant_control/src/ftc_ctrl/src/ftc_ctrl.cpp:22[m[K:
[01m[K/usr/include/eigen3/Eigen/src/Geometry/Quaternion.h:659:81:[m[K [01;36m[Knote: [m[Kcandidate: Eigen::Quaternion<typename Eigen::internal::traits<T>::Scalar> Eigen::QuaternionBase<Derived>::inverse() const [with Derived = Eigen::Quaternion<double>; typename Eigen::internal::traits<T>::Scalar = double]
 EIGEN_DEVICE_FUNC inline Quaternion<typename internal::traits<Derived>::Scalar> [01;36m[KQuaternionBase<Derived>[m[K::inverse() const
                                                                                 [01;36m[K^~~~~~~~~~~~~~~~~~~~~~~[m[K
[01m[K/usr/include/eigen3/Eigen/src/Geometry/Quaternion.h:659:81:[m[K [01;36m[Knote: [m[K  candidate expects 0 arguments, 1 provided
make[2]: *** [CMakeFiles/ftc_ctrl.dir/src/ftc_ctrl.cpp.o] Error 1
make[1]: *** [CMakeFiles/ftc_ctrl.dir/all] Error 2
make: *** [all] Error 2
