[35m[1mScanning dependencies of target tf2_msgs_generate_messages_cpp[0m
[35m[1mScanning dependencies of target actionlib_generate_messages_nodejs[0m
[35m[1mScanning dependencies of target tf2_msgs_generate_messages_py[0m
[35m[1mScanning dependencies of target tf2_msgs_generate_messages_nodejs[0m
[35m[1mScanning dependencies of target actionlib_generate_messages_py[0m
[35m[1mScanning dependencies of target roscpp_generate_messages_py[0m
[35m[1mScanning dependencies of target trajectory_msgs_generate_messages_eus[0m
[35m[1mScanning dependencies of target sensor_msgs_generate_messages_py[0m
[  0%] Built target tf2_msgs_generate_messages_cpp
[  0%] Built target actionlib_generate_messages_nodejs
[  0%] Built target tf2_msgs_generate_messages_py
[  0%] Built target actionlib_generate_messages_py
[  0%] Built target trajectory_msgs_generate_messages_eus
[  0%] Built target tf2_msgs_generate_messages_nodejs
[  0%] Built target roscpp_generate_messages_py
[  0%] Built target sensor_msgs_generate_messages_py
[35m[1mScanning dependencies of target trajectory_msgs_generate_messages_cpp[0m
[35m[1mScanning dependencies of target mavros_msgs_generate_messages_cpp[0m
[35m[1mScanning dependencies of target geometry_msgs_generate_messages_py[0m
[35m[1mScanning dependencies of target geometry_msgs_generate_messages_lisp[0m
[35m[1mScanning dependencies of target trajectory_msgs_generate_messages_lisp[0m
[35m[1mScanning dependencies of target mav_msgs_generate_messages_lisp[0m
[35m[1mScanning dependencies of target mav_msgs_generate_messages_nodejs[0m
[35m[1mScanning dependencies of target quad_msgs_generate_messages_lisp[0m
[  0%] Built target trajectory_msgs_generate_messages_cpp
[  0%] Built target mavros_msgs_generate_messages_cpp
[35m[1mScanning dependencies of target actionlib_msgs_generate_messages_py[0m
[35m[1mScanning dependencies of target mav_msgs_generate_messages_eus[0m
[  0%] Built target geometry_msgs_generate_messages_py
[  0%] Built target trajectory_msgs_generate_messages_lisp
[  0%] Built target mav_msgs_generate_messages_lisp
[  0%] Built target mav_msgs_generate_messages_eus
[  0%] Built target actionlib_msgs_generate_messages_py
[  0%] Built target geometry_msgs_generate_messages_lisp
[  0%] Built target mav_msgs_generate_messages_nodejs
[  0%] Built target quad_msgs_generate_messages_lisp
[35m[1mScanning dependencies of target std_msgs_generate_messages_nodejs[0m
[35m[1mScanning dependencies of target actionlib_generate_messages_lisp[0m
[35m[1mScanning dependencies of target uuid_msgs_generate_messages_lisp[0m
[35m[1mScanning dependencies of target trajectory_msgs_generate_messages_nodejs[0m
[35m[1mScanning dependencies of target geometry_msgs_generate_messages_cpp[0m
[35m[1mScanning dependencies of target quad_msgs_generate_messages_nodejs[0m
[35m[1mScanning dependencies of target std_msgs_generate_messages_cpp[0m
[35m[1mScanning dependencies of target nav_msgs_generate_messages_nodejs[0m
[  0%] Built target std_msgs_generate_messages_nodejs
[  0%] Built target uuid_msgs_generate_messages_lisp
[  0%] Built target actionlib_generate_messages_lisp
[  0%] Built target trajectory_msgs_generate_messages_nodejs
[  0%] Built target geometry_msgs_generate_messages_cpp
[  0%] Built target quad_msgs_generate_messages_nodejs
[35m[1mScanning dependencies of target uuid_msgs_generate_messages_eus[0m
[35m[1mScanning dependencies of target geometry_msgs_generate_messages_nodejs[0m
[35m[1mScanning dependencies of target roscpp_generate_messages_cpp[0m
[35m[1mScanning dependencies of target actionlib_msgs_generate_messages_nodejs[0m
[  0%] Built target std_msgs_generate_messages_cpp
[35m[1mScanning dependencies of target roscpp_generate_messages_lisp[0m
[  0%] Built target uuid_msgs_generate_messages_eus
[  0%] Built target nav_msgs_generate_messages_nodejs
[35m[1mScanning dependencies of target geographic_msgs_generate_messages_py[0m
[  0%] Built target geometry_msgs_generate_messages_nodejs
[  0%] Built target actionlib_msgs_generate_messages_nodejs
[35m[1mScanning dependencies of target sensor_msgs_generate_messages_nodejs[0m
[  0%] Built target roscpp_generate_messages_cpp
[35m[1mScanning dependencies of target actionlib_generate_messages_cpp[0m
[  0%] Built target roscpp_generate_messages_lisp
[35m[1mScanning dependencies of target std_msgs_generate_messages_lisp[0m
[35m[1mScanning dependencies of target roscpp_generate_messages_nodejs[0m
[35m[1mScanning dependencies of target geometry_msgs_generate_messages_eus[0m
[35m[1mScanning dependencies of target std_msgs_generate_messages_py[0m
[  0%] Built target geographic_msgs_generate_messages_py
[35m[1mScanning dependencies of target mav_msgs_generate_messages_py[0m
[  0%] Built target sensor_msgs_generate_messages_nodejs
[  0%] Built target actionlib_generate_messages_cpp
[35m[1mScanning dependencies of target sensor_msgs_generate_messages_eus[0m
[35m[1mScanning dependencies of target rosgraph_msgs_generate_messages_cpp[0m
[35m[1mScanning dependencies of target rosgraph_msgs_generate_messages_eus[0m
[  0%] Built target geometry_msgs_generate_messages_eus
[  0%] Built target sensor_msgs_generate_messages_eus
[  0%] Built target roscpp_generate_messages_nodejs
[  0%] Built target std_msgs_generate_messages_py
[  0%] Built target std_msgs_generate_messages_lisp
[  0%] Built target mav_msgs_generate_messages_py
[  0%] Built target rosgraph_msgs_generate_messages_cpp
[  0%] Built target rosgraph_msgs_generate_messages_eus
[35m[1mScanning dependencies of target rosgraph_msgs_generate_messages_lisp[0m
[35m[1mScanning dependencies of target quad_msgs_generate_messages_eus[0m
[35m[1mScanning dependencies of target std_msgs_generate_messages_eus[0m
[35m[1mScanning dependencies of target trajectory_msgs_generate_messages_py[0m
[35m[1mScanning dependencies of target mavros_msgs_generate_messages_eus[0m
[35m[1mScanning dependencies of target rosgraph_msgs_generate_messages_nodejs[0m
[35m[1mScanning dependencies of target nav_msgs_generate_messages_cpp[0m
[  0%] Built target rosgraph_msgs_generate_messages_lisp
[35m[1mScanning dependencies of target sensor_msgs_generate_messages_lisp[0m
[  0%] Built target quad_msgs_generate_messages_eus
[  0%] Built target trajectory_msgs_generate_messages_py
[  0%] Built target std_msgs_generate_messages_eus
[  0%] Built target mavros_msgs_generate_messages_eus
[35m[1mScanning dependencies of target tf2_msgs_generate_messages_eus[0m
[  0%] Built target nav_msgs_generate_messages_cpp
[  0%] Built target rosgraph_msgs_generate_messages_nodejs
[  0%] Built target sensor_msgs_generate_messages_lisp
[35m[1mScanning dependencies of target nav_msgs_generate_messages_lisp[0m
[35m[1mScanning dependencies of target nav_msgs_generate_messages_eus[0m
[35m[1mScanning dependencies of target nav_msgs_generate_messages_py[0m
[35m[1mScanning dependencies of target tf2_msgs_generate_messages_lisp[0m
[  0%] Built target tf2_msgs_generate_messages_eus
[35m[1mScanning dependencies of target roscpp_generate_messages_eus[0m
[35m[1mScanning dependencies of target rosgraph_msgs_generate_messages_py[0m
[35m[1mScanning dependencies of target actionlib_msgs_generate_messages_cpp[0m
[35m[1mScanning dependencies of target actionlib_msgs_generate_messages_eus[0m
[  0%] Built target nav_msgs_generate_messages_lisp
[  0%] Built target nav_msgs_generate_messages_eus
[35m[1mScanning dependencies of target mav_msgs_generate_messages_cpp[0m
[35m[1mScanning dependencies of target actionlib_msgs_generate_messages_lisp[0m
[  0%] Built target actionlib_msgs_generate_messages_eus
[  0%] Built target tf2_msgs_generate_messages_lisp
[  0%] Built target roscpp_generate_messages_eus
[  0%] Built target rosgraph_msgs_generate_messages_py
[  0%] Built target actionlib_msgs_generate_messages_cpp
[  0%] Built target nav_msgs_generate_messages_py
[  0%] Built target mav_msgs_generate_messages_cpp
[  0%] Built target actionlib_msgs_generate_messages_lisp
[35m[1mScanning dependencies of target quad_msgs_generate_messages_cpp[0m
[35m[1mScanning dependencies of target actionlib_generate_messages_eus[0m
[35m[1mScanning dependencies of target quad_msgs_generate_messages_py[0m
[35m[1mScanning dependencies of target geographic_msgs_generate_messages_lisp[0m
[35m[1mScanning dependencies of target diagnostic_msgs_generate_messages_cpp[0m
[35m[1mScanning dependencies of target diagnostic_msgs_generate_messages_py[0m
[35m[1mScanning dependencies of target diagnostic_msgs_generate_messages_eus[0m
[35m[1mScanning dependencies of target diagnostic_msgs_generate_messages_lisp[0m
[  0%] Built target quad_msgs_generate_messages_cpp
[  0%] Built target actionlib_generate_messages_eus
[  0%] Built target geographic_msgs_generate_messages_lisp
[  0%] Built target diagnostic_msgs_generate_messages_cpp
[  0%] Built target diagnostic_msgs_generate_messages_py
[  0%] Built target quad_msgs_generate_messages_py
[  0%] Built target diagnostic_msgs_generate_messages_eus
[35m[1mScanning dependencies of target diagnostic_msgs_generate_messages_nodejs[0m
[  0%] Built target diagnostic_msgs_generate_messages_lisp
[35m[1mScanning dependencies of target mavros_msgs_generate_messages_nodejs[0m
[35m[1mScanning dependencies of target geographic_msgs_generate_messages_cpp[0m
[35m[1mScanning dependencies of target uuid_msgs_generate_messages_cpp[0m
[35m[1mScanning dependencies of target geographic_msgs_generate_messages_nodejs[0m
[  0%] Built target diagnostic_msgs_generate_messages_nodejs
[35m[1mScanning dependencies of target geographic_msgs_generate_messages_eus[0m
[35m[1mScanning dependencies of target uuid_msgs_generate_messages_nodejs[0m
[  0%] Built target mavros_msgs_generate_messages_nodejs
[  0%] Built target uuid_msgs_generate_messages_cpp
[  0%] Built target geographic_msgs_generate_messages_nodejs
[35m[1mScanning dependencies of target uuid_msgs_generate_messages_py[0m
[  0%] Built target geographic_msgs_generate_messages_cpp
[35m[1mScanning dependencies of target mavros_msgs_generate_messages_py[0m
[  0%] Built target uuid_msgs_generate_messages_nodejs
[35m[1mScanning dependencies of target sensor_msgs_generate_messages_cpp[0m
[35m[1mScanning dependencies of target mavros_msgs_generate_messages_lisp[0m
[  0%] Built target geographic_msgs_generate_messages_eus
[  0%] Built target uuid_msgs_generate_messages_py
[  0%] Built target mavros_msgs_generate_messages_py
[  0%] Built target mavros_msgs_generate_messages_lisp
[  0%] Built target sensor_msgs_generate_messages_cpp
[35m[1mScanning dependencies of target rotors_interface[0m
[ 33%] [32mBuilding CXX object CMakeFiles/rotors_interface.dir/src/rotors_interface_node.cpp.o[0m
[ 66%] [32mBuilding CXX object CMakeFiles/rotors_interface.dir/src/rotors_interface.cpp.o[0m
[100%] [32m[1mLinking CXX executable /home/cheng/fault_tolerant_control/devel/.private/rotors_interface/lib/rotors_interface/rotors_interface[0m
CMakeFiles/rotors_interface.dir/src/rotors_interface.cpp.o：在函数‘rotors_interface::RotorSInterface::RotorSInterface(ros::NodeHandle const&, ros::NodeHandle const&)’中：
rotors_interface.cpp:(.text+0x21d9)：对‘rotors_interface::RotorSInterface::rotorsVrpnPoseCallback(boost::shared_ptr<geometry_msgs::PoseStamped_<std::allocator<void> > const> const&)’未定义的引用
rotors_interface.cpp:(.text+0x2216)：对‘rotors_interface::RotorSInterface::rotorsVrpnPoseCallback(boost::shared_ptr<geometry_msgs::PoseStamped_<std::allocator<void> > const> const&)’未定义的引用
rotors_interface.cpp:(.text+0x2562)：对‘rotors_interface::RotorSInterface::rotorsVrpnTwistCallback(boost::shared_ptr<geometry_msgs::TwistStamped_<std::allocator<void> > const> const&)’未定义的引用
rotors_interface.cpp:(.text+0x259f)：对‘rotors_interface::RotorSInterface::rotorsVrpnTwistCallback(boost::shared_ptr<geometry_msgs::TwistStamped_<std::allocator<void> > const> const&)’未定义的引用
collect2: error: ld returned 1 exit status
make[2]: *** [/home/cheng/fault_tolerant_control/devel/.private/rotors_interface/lib/rotors_interface/rotors_interface] Error 1
make[1]: *** [CMakeFiles/rotors_interface.dir/all] Error 2
make: *** [all] Error 2
CMakeFiles/rotors_interface.dir/build.make:134: recipe for target '/home/cheng/fault_tolerant_control/devel/.private/rotors_interface/lib/rotors_interface/rotors_interface' failed
CMakeFiles/Makefile2:242: recipe for target 'CMakeFiles/rotors_interface.dir/all' failed
Makefile:140: recipe for target 'all' failed
