In file included from [01m[K/opt/ros/melodic/include/ros/serialization.h:37:0[m[K,
                 from [01m[K/opt/ros/melodic/include/ros/publisher.h:34[m[K,
                 from [01m[K/opt/ros/melodic/include/ros/node_handle.h:32[m[K,
                 from [01m[K/opt/ros/melodic/include/ros/ros.h:45[m[K,
                 from [01m[K/home/cheng/fault_tolerant_control/src/rotors_interface/include/rotors_interface/rotors_interface.hpp:18[m[K,
                 from [01m[K/home/cheng/fault_tolerant_control/src/rotors_interface/src/rotors_interface.cpp:17[m[K:
/opt/ros/melodic/include/ros/message_traits.h: In instantiation of ‘[01m[Kstatic const char* ros::message_traits::MD5Sum<M>::value() [with M = Eigen::Matrix<double, 3, 1>][m[K’:
[01m[K/opt/ros/melodic/include/ros/message_traits.h:227:102:[m[K   required from ‘[01m[Kconst char* ros::message_traits::md5sum() [with M = Eigen::Matrix<double, 3, 1>][m[K’
[01m[K/opt/ros/melodic/include/ros/advertise_options.h:92:39:[m[K   required from ‘[01m[Kvoid ros::AdvertiseOptions::init(const string&, uint32_t, const SubscriberStatusCallback&, const SubscriberStatusCallback&) [with M = Eigen::Matrix<double, 3, 1>; std::__cxx11::string = std::__cxx11::basic_string<char>; uint32_t = unsigned int; ros::SubscriberStatusCallback = boost::function<void(const ros::SingleSubscriberPublisher&)>][m[K’
[01m[K/opt/ros/melodic/include/ros/node_handle.h:252:7:[m[K   required from ‘[01m[Kros::Publisher ros::NodeHandle::advertise(const string&, uint32_t, bool) [with M = Eigen::Matrix<double, 3, 1>; std::__cxx11::string = std::__cxx11::basic_string<char>; uint32_t = unsigned int][m[K’
[01m[K/home/cheng/fault_tolerant_control/src/rotors_interface/src/rotors_interface.cpp:45:69:[m[K   required from here
[01m[K/opt/ros/melodic/include/ros/message_traits.h:120:28:[m[K [01;31m[Kerror: [m[K‘[01m[K__s_getMD5Sum[m[K’ is not a member of ‘[01m[KEigen::Matrix<double, 3, 1>[m[K’
     return [01;31m[KM::__s_getMD5Sum()[m[K.c_str();
            [01;31m[K~~~~~~~~~~~~~~~~^~[m[K
/opt/ros/melodic/include/ros/message_traits.h: In instantiation of ‘[01m[Kstatic const char* ros::message_traits::DataType<M>::value() [with M = Eigen::Matrix<double, 3, 1>][m[K’:
[01m[K/opt/ros/melodic/include/ros/message_traits.h:236:104:[m[K   required from ‘[01m[Kconst char* ros::message_traits::datatype() [with M = Eigen::Matrix<double, 3, 1>][m[K’
[01m[K/opt/ros/melodic/include/ros/advertise_options.h:93:43:[m[K   required from ‘[01m[Kvoid ros::AdvertiseOptions::init(const string&, uint32_t, const SubscriberStatusCallback&, const SubscriberStatusCallback&) [with M = Eigen::Matrix<double, 3, 1>; std::__cxx11::string = std::__cxx11::basic_string<char>; uint32_t = unsigned int; ros::SubscriberStatusCallback = boost::function<void(const ros::SingleSubscriberPublisher&)>][m[K’
[01m[K/opt/ros/melodic/include/ros/node_handle.h:252:7:[m[K   required from ‘[01m[Kros::Publisher ros::NodeHandle::advertise(const string&, uint32_t, bool) [with M = Eigen::Matrix<double, 3, 1>; std::__cxx11::string = std::__cxx11::basic_string<char>; uint32_t = unsigned int][m[K’
[01m[K/home/cheng/fault_tolerant_control/src/rotors_interface/src/rotors_interface.cpp:45:69:[m[K   required from here
[01m[K/opt/ros/melodic/include/ros/message_traits.h:137:30:[m[K [01;31m[Kerror: [m[K‘[01m[K__s_getDataType[m[K’ is not a member of ‘[01m[KEigen::Matrix<double, 3, 1>[m[K’
     return [01;31m[KM::__s_getDataType()[m[K.c_str();
            [01;31m[K~~~~~~~~~~~~~~~~~~^~[m[K
/opt/ros/melodic/include/ros/message_traits.h: In instantiation of ‘[01m[Kstatic const char* ros::message_traits::Definition<M>::value() [with M = Eigen::Matrix<double, 3, 1>][m[K’:
[01m[K/opt/ros/melodic/include/ros/message_traits.h:245:106:[m[K   required from ‘[01m[Kconst char* ros::message_traits::definition() [with M = Eigen::Matrix<double, 3, 1>][m[K’
[01m[K/opt/ros/melodic/include/ros/advertise_options.h:94:55:[m[K   required from ‘[01m[Kvoid ros::AdvertiseOptions::init(const string&, uint32_t, const SubscriberStatusCallback&, const SubscriberStatusCallback&) [with M = Eigen::Matrix<double, 3, 1>; std::__cxx11::string = std::__cxx11::basic_string<char>; uint32_t = unsigned int; ros::SubscriberStatusCallback = boost::function<void(const ros::SingleSubscriberPublisher&)>][m[K’
[01m[K/opt/ros/melodic/include/ros/node_handle.h:252:7:[m[K   required from ‘[01m[Kros::Publisher ros::NodeHandle::advertise(const string&, uint32_t, bool) [with M = Eigen::Matrix<double, 3, 1>; std::__cxx11::string = std::__cxx11::basic_string<char>; uint32_t = unsigned int][m[K’
[01m[K/home/cheng/fault_tolerant_control/src/rotors_interface/src/rotors_interface.cpp:45:69:[m[K   required from here
[01m[K/opt/ros/melodic/include/ros/message_traits.h:154:39:[m[K [01;31m[Kerror: [m[K‘[01m[K__s_getMessageDefinition[m[K’ is not a member of ‘[01m[KEigen::Matrix<double, 3, 1>[m[K’
     return [01;31m[KM::__s_getMessageDefinition()[m[K.c_str();
            [01;31m[K~~~~~~~~~~~~~~~~~~~~~~~~~~~^~[m[K
make[2]: *** [CMakeFiles/rotors_interface.dir/src/rotors_interface.cpp.o] Error 1
make[1]: *** [CMakeFiles/rotors_interface.dir/all] Error 2
make: *** [all] Error 2
