[01m[K/home/cheng/fault_tolerant_control/src/rotors_interface/src/rotors_interface.cpp:[m[K In constructor ‘[01m[Krotors_interface::RotorSInterface::RotorSInterface(const ros::NodeHandle&, const ros::NodeHandle&)[m[K’:
[01m[K/home/cheng/fault_tolerant_control/src/rotors_interface/src/rotors_interface.cpp:44:77:[m[K [01;31m[Kerror: [m[Kno matching function for call to ‘[01m[Kros::NodeHandle::advertise<geometry_msgs::Point>(const char [14], int) const[m[K’
     reference_pub_ = nh.advertise<geometry_msgs::Point>("reference_pos",1000[01;31m[K)[m[K;//SYSU_CODE
                                                                             [01;31m[K^[m[K
In file included from [01m[K/opt/ros/melodic/include/ros/ros.h:45:0[m[K,
                 from [01m[K/home/cheng/fault_tolerant_control/src/rotors_interface/include/rotors_interface/rotors_interface.hpp:18[m[K,
                 from [01m[K/home/cheng/fault_tolerant_control/src/rotors_interface/src/rotors_interface.cpp:17[m[K:
[01m[K/opt/ros/melodic/include/ros/node_handle.h:249:15:[m[K [01;36m[Knote: [m[Kcandidate: ros::Publisher ros::NodeHandle::advertise(const string&, uint32_t, bool) [with M = geometry_msgs::Point_<std::allocator<void> >; std::__cxx11::string = std::__cxx11::basic_string<char>; uint32_t = unsigned int] <near match>
     Publisher [01;36m[Kadvertise[m[K(const std::string& topic, uint32_t queue_size, bool latch = false)
               [01;36m[K^~~~~~~~~[m[K
[01m[K/opt/ros/melodic/include/ros/node_handle.h:249:15:[m[K [01;36m[Knote: [m[K  passing ‘[01m[Kconst ros::NodeHandle*[m[K’ as ‘[01m[Kthis[m[K’ argument discards qualifiers
In file included from [01m[K/opt/ros/melodic/include/ros/ros.h:45:0[m[K,
                 from [01m[K/home/cheng/fault_tolerant_control/src/rotors_interface/include/rotors_interface/rotors_interface.hpp:18[m[K,
                 from [01m[K/home/cheng/fault_tolerant_control/src/rotors_interface/src/rotors_interface.cpp:17[m[K:
[01m[K/opt/ros/melodic/include/ros/node_handle.h:315:13:[m[K [01;36m[Knote: [m[Kcandidate: template<class M> ros::Publisher ros::NodeHandle::advertise(const string&, uint32_t, const SubscriberStatusCallback&, const SubscriberStatusCallback&, const VoidConstPtr&, bool)
   Publisher [01;36m[Kadvertise[m[K(const std::string& topic, uint32_t queue_size,
             [01;36m[K^~~~~~~~~[m[K
[01m[K/opt/ros/melodic/include/ros/node_handle.h:315:13:[m[K [01;36m[Knote: [m[K  template argument deduction/substitution failed:
[01m[K/home/cheng/fault_tolerant_control/src/rotors_interface/src/rotors_interface.cpp:44:77:[m[K [01;36m[Knote: [m[K  candidate expects 6 arguments, 2 provided
     reference_pub_ = nh.advertise<geometry_msgs::Point>("reference_pos",1000[01;36m[K)[m[K;//SYSU_CODE
                                                                             [01;36m[K^[m[K
In file included from [01m[K/opt/ros/melodic/include/ros/ros.h:40:0[m[K,
                 from [01m[K/home/cheng/fault_tolerant_control/src/rotors_interface/include/rotors_interface/rotors_interface.hpp:18[m[K,
                 from [01m[K/home/cheng/fault_tolerant_control/src/rotors_interface/src/rotors_interface.cpp:17[m[K:
[01m[K/home/cheng/fault_tolerant_control/src/rotors_interface/src/rotors_interface.cpp:[m[K In member function ‘[01m[Kvoid rotors_interface::RotorSInterface::looptrajectory()[m[K’:
[01m[K/home/cheng/fault_tolerant_control/src/rotors_interface/src/rotors_interface.cpp:223:59:[m[K [01;31m[Kerror: [m[Kno match for call to ‘[01m[K(geometry_msgs::Point {aka geometry_msgs::Point_<std::allocator<void> >}) (int)[m[K’
         ROS_INFO("pos_design_: %f %f %f",pos_design_msg_(0[01;31m[K)[m[K,pos_design_msg_(1),pos_design_msg_(2));
                                                           [01;31m[K^[m[K
[01m[K/opt/ros/melodic/include/ros/console.h:348:165:[m[K [01;36m[Knote: [m[Kin definition of macro ‘[01m[KROSCONSOLE_PRINT_AT_LOCATION_WITH_FILTER[m[K’
     ::ros::console::print(filter, __rosconsole_define_location__loc.logger_, __rosconsole_define_location__loc.level_, __FILE__, __LINE__, __ROSCONSOLE_FUNCTION__, [01;36m[K__VA_ARGS__[m[K)
                                                                                                                                                                     [01;36m[K^~~~~~~~~~~[m[K
[01m[K/opt/ros/melodic/include/ros/console.h:387:7:[m[K [01;36m[Knote: [m[Kin expansion of macro ‘[01m[KROSCONSOLE_PRINT_AT_LOCATION[m[K’
       [01;36m[KROSCONSOLE_PRINT_AT_LOCATION[m[K(__VA_ARGS__); \
       [01;36m[K^~~~~~~~~~~~~~~~~~~~~~~~~~~~[m[K
[01m[K/opt/ros/melodic/include/ros/console.h:572:35:[m[K [01;36m[Knote: [m[Kin expansion of macro ‘[01m[KROS_LOG_COND[m[K’
 #define ROS_LOG(level, name, ...) [01;36m[KROS_LOG_COND[m[K(true, level, name, __VA_ARGS__)
                                   [01;36m[K^~~~~~~~~~~~[m[K
[01m[K/opt/ros/melodic/include/rosconsole/macros_generated.h:110:23:[m[K [01;36m[Knote: [m[Kin expansion of macro ‘[01m[KROS_LOG[m[K’
 #define ROS_INFO(...) [01;36m[KROS_LOG[m[K(::ros::console::levels::Info, ROSCONSOLE_DEFAULT_NAME, __VA_ARGS__)
                       [01;36m[K^~~~~~~[m[K
[01m[K/home/cheng/fault_tolerant_control/src/rotors_interface/src/rotors_interface.cpp:223:9:[m[K [01;36m[Knote: [m[Kin expansion of macro ‘[01m[KROS_INFO[m[K’
         [01;36m[KR[m[KOS_INFO("pos_design_: %f %f %f",pos_design_msg_(0),pos_design_msg_(1),pos_design_msg_(2));
         [01;36m[K^[m[K
[01m[K/home/cheng/fault_tolerant_control/src/rotors_interface/src/rotors_interface.cpp:223:78:[m[K [01;31m[Kerror: [m[Kno match for call to ‘[01m[K(geometry_msgs::Point {aka geometry_msgs::Point_<std::allocator<void> >}) (int)[m[K’
         ROS_INFO("pos_design_: %f %f %f",pos_design_msg_(0),pos_design_msg_(1[01;31m[K)[m[K,pos_design_msg_(2));
                                                                              [01;31m[K^[m[K
[01m[K/opt/ros/melodic/include/ros/console.h:348:165:[m[K [01;36m[Knote: [m[Kin definition of macro ‘[01m[KROSCONSOLE_PRINT_AT_LOCATION_WITH_FILTER[m[K’
     ::ros::console::print(filter, __rosconsole_define_location__loc.logger_, __rosconsole_define_location__loc.level_, __FILE__, __LINE__, __ROSCONSOLE_FUNCTION__, [01;36m[K__VA_ARGS__[m[K)
                                                                                                                                                                     [01;36m[K^~~~~~~~~~~[m[K
[01m[K/opt/ros/melodic/include/ros/console.h:387:7:[m[K [01;36m[Knote: [m[Kin expansion of macro ‘[01m[KROSCONSOLE_PRINT_AT_LOCATION[m[K’
       [01;36m[KROSCONSOLE_PRINT_AT_LOCATION[m[K(__VA_ARGS__); \
       [01;36m[K^~~~~~~~~~~~~~~~~~~~~~~~~~~~[m[K
[01m[K/opt/ros/melodic/include/ros/console.h:572:35:[m[K [01;36m[Knote: [m[Kin expansion of macro ‘[01m[KROS_LOG_COND[m[K’
 #define ROS_LOG(level, name, ...) [01;36m[KROS_LOG_COND[m[K(true, level, name, __VA_ARGS__)
                                   [01;36m[K^~~~~~~~~~~~[m[K
[01m[K/opt/ros/melodic/include/rosconsole/macros_generated.h:110:23:[m[K [01;36m[Knote: [m[Kin expansion of macro ‘[01m[KROS_LOG[m[K’
 #define ROS_INFO(...) [01;36m[KROS_LOG[m[K(::ros::console::levels::Info, ROSCONSOLE_DEFAULT_NAME, __VA_ARGS__)
                       [01;36m[K^~~~~~~[m[K
[01m[K/home/cheng/fault_tolerant_control/src/rotors_interface/src/rotors_interface.cpp:223:9:[m[K [01;36m[Knote: [m[Kin expansion of macro ‘[01m[KROS_INFO[m[K’
         [01;36m[KR[m[KOS_INFO("pos_design_: %f %f %f",pos_design_msg_(0),pos_design_msg_(1),pos_design_msg_(2));
         [01;36m[K^[m[K
[01m[K/home/cheng/fault_tolerant_control/src/rotors_interface/src/rotors_interface.cpp:223:97:[m[K [01;31m[Kerror: [m[Kno match for call to ‘[01m[K(geometry_msgs::Point {aka geometry_msgs::Point_<std::allocator<void> >}) (int)[m[K’
         ROS_INFO("pos_design_: %f %f %f",pos_design_msg_(0),pos_design_msg_(1),pos_design_msg_(2[01;31m[K)[m[K);
                                                                                                 [01;31m[K^[m[K
[01m[K/opt/ros/melodic/include/ros/console.h:348:165:[m[K [01;36m[Knote: [m[Kin definition of macro ‘[01m[KROSCONSOLE_PRINT_AT_LOCATION_WITH_FILTER[m[K’
     ::ros::console::print(filter, __rosconsole_define_location__loc.logger_, __rosconsole_define_location__loc.level_, __FILE__, __LINE__, __ROSCONSOLE_FUNCTION__, [01;36m[K__VA_ARGS__[m[K)
                                                                                                                                                                     [01;36m[K^~~~~~~~~~~[m[K
[01m[K/opt/ros/melodic/include/ros/console.h:387:7:[m[K [01;36m[Knote: [m[Kin expansion of macro ‘[01m[KROSCONSOLE_PRINT_AT_LOCATION[m[K’
       [01;36m[KROSCONSOLE_PRINT_AT_LOCATION[m[K(__VA_ARGS__); \
       [01;36m[K^~~~~~~~~~~~~~~~~~~~~~~~~~~~[m[K
[01m[K/opt/ros/melodic/include/ros/console.h:572:35:[m[K [01;36m[Knote: [m[Kin expansion of macro ‘[01m[KROS_LOG_COND[m[K’
 #define ROS_LOG(level, name, ...) [01;36m[KROS_LOG_COND[m[K(true, level, name, __VA_ARGS__)
                                   [01;36m[K^~~~~~~~~~~~[m[K
[01m[K/opt/ros/melodic/include/rosconsole/macros_generated.h:110:23:[m[K [01;36m[Knote: [m[Kin expansion of macro ‘[01m[KROS_LOG[m[K’
 #define ROS_INFO(...) [01;36m[KROS_LOG[m[K(::ros::console::levels::Info, ROSCONSOLE_DEFAULT_NAME, __VA_ARGS__)
                       [01;36m[K^~~~~~~[m[K
[01m[K/home/cheng/fault_tolerant_control/src/rotors_interface/src/rotors_interface.cpp:223:9:[m[K [01;36m[Knote: [m[Kin expansion of macro ‘[01m[KROS_INFO[m[K’
         [01;36m[KR[m[KOS_INFO("pos_design_: %f %f %f",pos_design_msg_(0),pos_design_msg_(1),pos_design_msg_(2));
         [01;36m[K^[m[K
make[2]: *** [CMakeFiles/rotors_interface.dir/src/rotors_interface.cpp.o] Error 1
make[1]: *** [CMakeFiles/rotors_interface.dir/all] Error 2
make: *** [all] Error 2
