[  0%] Built target tf2_msgs_generate_messages_cpp
[  0%] Built target mavros_msgs_generate_messages_cpp
[  0%] Built target trajectory_msgs_generate_messages_lisp
[  0%] Built target trajectory_msgs_generate_messages_eus
[  0%] Built target tf2_msgs_generate_messages_py
[  0%] Built target actionlib_generate_messages_nodejs
[  0%] Built target sensor_msgs_generate_messages_py
[  0%] Built target tf2_msgs_generate_messages_nodejs
[  0%] Built target actionlib_generate_messages_py
[  0%] Built target roscpp_generate_messages_py
[  0%] Built target mav_msgs_generate_messages_lisp
[  0%] Built target trajectory_msgs_generate_messages_cpp
[  0%] Built target geometry_msgs_generate_messages_py
[  0%] Built target geometry_msgs_generate_messages_lisp
[  0%] Built target mav_msgs_generate_messages_nodejs
[  0%] Built target actionlib_generate_messages_lisp
[  0%] Built target std_msgs_generate_messages_nodejs
[  0%] Built target actionlib_msgs_generate_messages_py
[  0%] Built target geometry_msgs_generate_messages_cpp
[  0%] Built target quad_msgs_generate_messages_lisp
[  0%] Built target quad_msgs_generate_messages_nodejs
[  0%] Built target actionlib_msgs_generate_messages_nodejs
[  0%] Built target mav_msgs_generate_messages_eus
[  0%] Built target trajectory_msgs_generate_messages_nodejs
[  0%] Built target nav_msgs_generate_messages_nodejs
[  0%] Built target std_msgs_generate_messages_cpp
[  0%] Built target uuid_msgs_generate_messages_lisp
[  0%] Built target roscpp_generate_messages_lisp
[  0%] Built target geometry_msgs_generate_messages_nodejs
[  0%] Built target uuid_msgs_generate_messages_eus
[  0%] Built target roscpp_generate_messages_cpp
[  0%] Built target geographic_msgs_generate_messages_py
[  0%] Built target sensor_msgs_generate_messages_nodejs
[  0%] Built target std_msgs_generate_messages_lisp
[  0%] Built target std_msgs_generate_messages_py
[  0%] Built target actionlib_generate_messages_cpp
[  0%] Built target std_msgs_generate_messages_eus
[  0%] Built target geometry_msgs_generate_messages_eus
[  0%] Built target roscpp_generate_messages_nodejs
[  0%] Built target rosgraph_msgs_generate_messages_cpp
[  0%] Built target mav_msgs_generate_messages_py
[  0%] Built target sensor_msgs_generate_messages_eus
[  0%] Built target rosgraph_msgs_generate_messages_lisp
[  0%] Built target quad_msgs_generate_messages_eus
[  0%] Built target rosgraph_msgs_generate_messages_eus
[  0%] Built target trajectory_msgs_generate_messages_py
[  0%] Built target rosgraph_msgs_generate_messages_nodejs
[  0%] Built target nav_msgs_generate_messages_cpp
[  0%] Built target nav_msgs_generate_messages_lisp
[  0%] Built target nav_msgs_generate_messages_eus
[  0%] Built target actionlib_msgs_generate_messages_cpp
[  0%] Built target sensor_msgs_generate_messages_lisp
[  0%] Built target roscpp_generate_messages_eus
[  0%] Built target mavros_msgs_generate_messages_eus
[  0%] Built target nav_msgs_generate_messages_py
[  0%] Built target tf2_msgs_generate_messages_eus
[  0%] Built target actionlib_msgs_generate_messages_eus
[  0%] Built target rosgraph_msgs_generate_messages_py
[  0%] Built target tf2_msgs_generate_messages_lisp
[  0%] Built target actionlib_msgs_generate_messages_lisp
[  0%] Built target actionlib_generate_messages_eus
[  0%] Built target quad_msgs_generate_messages_cpp
[  0%] Built target diagnostic_msgs_generate_messages_py
[  0%] Built target mav_msgs_generate_messages_cpp
[  0%] Built target quad_msgs_generate_messages_py
[  0%] Built target geographic_msgs_generate_messages_lisp
[  0%] Built target diagnostic_msgs_generate_messages_eus
[  0%] Built target diagnostic_msgs_generate_messages_cpp
[  0%] Built target diagnostic_msgs_generate_messages_nodejs
[  0%] Built target diagnostic_msgs_generate_messages_lisp
[  0%] Built target geographic_msgs_generate_messages_eus
[  0%] Built target geographic_msgs_generate_messages_cpp
[  0%] Built target uuid_msgs_generate_messages_py
[  0%] Built target uuid_msgs_generate_messages_nodejs
[  0%] Built target uuid_msgs_generate_messages_cpp
[  0%] Built target mavros_msgs_generate_messages_nodejs
[  0%] Built target sensor_msgs_generate_messages_cpp
[  0%] Built target mavros_msgs_generate_messages_lisp
[  0%] Built target geographic_msgs_generate_messages_nodejs
[  0%] Built target mavros_msgs_generate_messages_py
[35m[1mScanning dependencies of target rotors_interface[0m
[ 33%] [32mBuilding CXX object CMakeFiles/rotors_interface.dir/src/rotors_interface.cpp.o[0m
[ 66%] [32mBuilding CXX object CMakeFiles/rotors_interface.dir/src/rotors_interface_node.cpp.o[0m
[01m[K/home/cheng/fault_tolerant_control/src/rotors_interface/src/rotors_interface.cpp:[m[K In member function ‘[01m[Kvoid rotors_interface::RotorSInterface::rotorsVrpnTwistCallback(const ConstPtr&)[m[K’:
[01m[K/home/cheng/fault_tolerant_control/src/rotors_interface/src/rotors_interface.cpp:177:16:[m[K [01;31m[Kerror: [m[K‘[01m[Kconst struct geometry_msgs::TwistStamped_<std::allocator<void> >[m[K’ has no member named ‘[01m[Kpose[m[K’
   q.w() = msg->[01;31m[Kpose[m[K.orientation.w;
                [01;31m[K^~~~[m[K
[01m[K/home/cheng/fault_tolerant_control/src/rotors_interface/src/rotors_interface.cpp:178:16:[m[K [01;31m[Kerror: [m[K‘[01m[Kconst struct geometry_msgs::TwistStamped_<std::allocator<void> >[m[K’ has no member named ‘[01m[Kpose[m[K’
   q.x() = msg->[01;31m[Kpose[m[K.orientation.x;
                [01;31m[K^~~~[m[K
[01m[K/home/cheng/fault_tolerant_control/src/rotors_interface/src/rotors_interface.cpp:179:16:[m[K [01;31m[Kerror: [m[K‘[01m[Kconst struct geometry_msgs::TwistStamped_<std::allocator<void> >[m[K’ has no member named ‘[01m[Kpose[m[K’
   q.y() = msg->[01;31m[Kpose[m[K.orientation.y;
                [01;31m[K^~~~[m[K
[01m[K/home/cheng/fault_tolerant_control/src/rotors_interface/src/rotors_interface.cpp:180:16:[m[K [01;31m[Kerror: [m[K‘[01m[Kconst struct geometry_msgs::TwistStamped_<std::allocator<void> >[m[K’ has no member named ‘[01m[Kpose[m[K’
   q.z() = msg->[01;31m[Kpose[m[K.orientation.z;
                [01;31m[K^~~~[m[K
CMakeFiles/rotors_interface.dir/build.make:75: recipe for target 'CMakeFiles/rotors_interface.dir/src/rotors_interface.cpp.o' failed
make[2]: *** [CMakeFiles/rotors_interface.dir/src/rotors_interface.cpp.o] Error 1
CMakeFiles/Makefile2:242: recipe for target 'CMakeFiles/rotors_interface.dir/all' failed
make[1]: *** [CMakeFiles/rotors_interface.dir/all] Error 2
Makefile:140: recipe for target 'all' failed
make: *** [all] Error 2
