[01m[K/home/cheng/fault_tolerant_control/src/rotors_interface/src/rotors_interface.cpp:[m[K In constructor ‘[01m[Krotors_interface::RotorSInterface::RotorSInterface(const ros::NodeHandle&, const ros::NodeHandle&)[m[K’:
[01m[K/home/cheng/fault_tolerant_control/src/rotors_interface/src/rotors_interface.cpp:36:80:[m[K [01;31m[Kerror: [m[K‘[01m[KcontrolUpdateCallback[m[K’ is not a member of ‘[01m[Krotors_interface::RotorSInterface[m[K’
     control_timer_ = nh_.createTimer(ros::Duration(1.0/250), &RotorSInterface::[01;31m[KcontrolUpdateCallback[m[K, this);//SYSU_CODE
                                                                                [01;31m[K^~~~~~~~~~~~~~~~~~~~~[m[K
[01m[K/home/cheng/fault_tolerant_control/src/rotors_interface/src/rotors_interface.cpp:44:77:[m[K [01;31m[Kerror: [m[Kno matching function for call to ‘[01m[Kros::NodeHandle::advertise<geometry_msgs::Point>(const char [14], int) const[m[K’
     reference_pub_ = nh.advertise<geometry_msgs::Point>("reference_pos",1000[01;31m[K)[m[K;//SYSU_CODE
                                                                             [01;31m[K^[m[K
In file included from [01m[K/opt/ros/melodic/include/ros/ros.h:45:0[m[K,
                 from [01m[K/home/cheng/fault_tolerant_control/src/rotors_interface/include/rotors_interface/rotors_interface.hpp:18[m[K,
                 from [01m[K/home/cheng/fault_tolerant_control/src/rotors_interface/src/rotors_interface.cpp:17[m[K:
[01m[K/opt/ros/melodic/include/ros/node_handle.h:249:15:[m[K [01;36m[Knote: [m[Kcandidate: ros::Publisher ros::NodeHandle::advertise(const string&, uint32_t, bool) [with M = geometry_msgs::Point_<std::allocator<void> >; std::__cxx11::string = std::__cxx11::basic_string<char>; uint32_t = unsigned int] <near match>
     Publisher [01;36m[Kadvertise[m[K(const std::string& topic, uint32_t queue_size, bool latch = false)
               [01;36m[K^~~~~~~~~[m[K
[01m[K/opt/ros/melodic/include/ros/node_handle.h:249:15:[m[K [01;36m[Knote: [m[K  passing ‘[01m[Kconst ros::NodeHandle*[m[K’ as ‘[01m[Kthis[m[K’ argument discards qualifiers
In file included from [01m[K/opt/ros/melodic/include/ros/ros.h:45:0[m[K,
                 from [01m[K/home/cheng/fault_tolerant_control/src/rotors_interface/include/rotors_interface/rotors_interface.hpp:18[m[K,
                 from [01m[K/home/cheng/fault_tolerant_control/src/rotors_interface/src/rotors_interface.cpp:17[m[K:
[01m[K/opt/ros/melodic/include/ros/node_handle.h:315:13:[m[K [01;36m[Knote: [m[Kcandidate: template<class M> ros::Publisher ros::NodeHandle::advertise(const string&, uint32_t, const SubscriberStatusCallback&, const SubscriberStatusCallback&, const VoidConstPtr&, bool)
   Publisher [01;36m[Kadvertise[m[K(const std::string& topic, uint32_t queue_size,
             [01;36m[K^~~~~~~~~[m[K
[01m[K/opt/ros/melodic/include/ros/node_handle.h:315:13:[m[K [01;36m[Knote: [m[K  template argument deduction/substitution failed:
[01m[K/home/cheng/fault_tolerant_control/src/rotors_interface/src/rotors_interface.cpp:44:77:[m[K [01;36m[Knote: [m[K  candidate expects 6 arguments, 2 provided
     reference_pub_ = nh.advertise<geometry_msgs::Point>("reference_pos",1000[01;36m[K)[m[K;//SYSU_CODE
                                                                             [01;36m[K^[m[K
[01m[K/home/cheng/fault_tolerant_control/src/rotors_interface/src/rotors_interface.cpp:[m[K At global scope:
[01m[K/home/cheng/fault_tolerant_control/src/rotors_interface/src/rotors_interface.cpp:209:67:[m[K [01;31m[Kerror: [m[Kno ‘[01m[Kvoid rotors_interface::RotorSInterface::controlUpdateCallback(const ros::TimerEvent&)[m[K’ member function declared in class ‘[01m[Krotors_interface::RotorSInterface[m[K’
 void RotorSInterface::controlUpdateCallback(const ros::TimerEvent&[01;31m[K)[m[K{
                                                                   [01;31m[K^[m[K
In file included from [01m[K/opt/ros/melodic/include/ros/serialization.h:37:0[m[K,
                 from [01m[K/opt/ros/melodic/include/ros/publisher.h:34[m[K,
                 from [01m[K/opt/ros/melodic/include/ros/node_handle.h:32[m[K,
                 from [01m[K/opt/ros/melodic/include/ros/ros.h:45[m[K,
                 from [01m[K/home/cheng/fault_tolerant_control/src/rotors_interface/include/rotors_interface/rotors_interface.hpp:18[m[K,
                 from [01m[K/home/cheng/fault_tolerant_control/src/rotors_interface/src/rotors_interface.cpp:17[m[K:
/opt/ros/melodic/include/ros/message_traits.h: In instantiation of ‘[01m[Kstatic const char* ros::message_traits::MD5Sum<M>::value(const M&) [with M = Eigen::Matrix<double, 3, 1>][m[K’:
[01m[K/opt/ros/melodic/include/ros/message_traits.h:254:102:[m[K   required from ‘[01m[Kconst char* ros::message_traits::md5sum(const M&) [with M = Eigen::Matrix<double, 3, 1>][m[K’
[01m[K/opt/ros/melodic/include/ros/publisher.h:116:38:[m[K   required from ‘[01m[Kvoid ros::Publisher::publish(const M&) const [with M = Eigen::Matrix<double, 3, 1>][m[K’
[01m[K/home/cheng/fault_tolerant_control/src/rotors_interface/src/rotors_interface.cpp:222:47:[m[K   required from here
[01m[K/opt/ros/melodic/include/ros/message_traits.h:125:14:[m[K [01;31m[Kerror: [m[K‘[01m[Kconst class Eigen::Matrix<double, 3, 1>[m[K’ has no member named ‘[01m[K__getMD5Sum[m[K’
     return [01;31m[Km.__getMD5Sum[m[K().c_str();
            [01;31m[K~~^~~~~~~~~~~[m[K
/opt/ros/melodic/include/ros/message_traits.h: In instantiation of ‘[01m[Kstatic const char* ros::message_traits::DataType<M>::value(const M&) [with M = Eigen::Matrix<double, 3, 1>][m[K’:
[01m[K/opt/ros/melodic/include/ros/message_traits.h:263:104:[m[K   required from ‘[01m[Kconst char* ros::message_traits::datatype(const M&) [with M = Eigen::Matrix<double, 3, 1>][m[K’
[01m[K/opt/ros/melodic/include/ros/publisher.h:118:11:[m[K   required from ‘[01m[Kvoid ros::Publisher::publish(const M&) const [with M = Eigen::Matrix<double, 3, 1>][m[K’
[01m[K/home/cheng/fault_tolerant_control/src/rotors_interface/src/rotors_interface.cpp:222:47:[m[K   required from here
[01m[K/opt/ros/melodic/include/ros/message_traits.h:142:14:[m[K [01;31m[Kerror: [m[K‘[01m[Kconst class Eigen::Matrix<double, 3, 1>[m[K’ has no member named ‘[01m[K__getDataType[m[K’
     return [01;31m[Km.__getDataType[m[K().c_str();
            [01;31m[K~~^~~~~~~~~~~~~[m[K
In file included from [01m[K/opt/ros/melodic/include/ros/publisher.h:34:0[m[K,
                 from [01m[K/opt/ros/melodic/include/ros/node_handle.h:32[m[K,
                 from [01m[K/opt/ros/melodic/include/ros/ros.h:45[m[K,
                 from [01m[K/home/cheng/fault_tolerant_control/src/rotors_interface/include/rotors_interface/rotors_interface.hpp:18[m[K,
                 from [01m[K/home/cheng/fault_tolerant_control/src/rotors_interface/src/rotors_interface.cpp:17[m[K:
/opt/ros/melodic/include/ros/serialization.h: In instantiation of ‘[01m[Kstatic uint32_t ros::serialization::Serializer<T>::serializedLength(typename boost::call_traits<T>::param_type) [with T = Eigen::Matrix<double, 3, 1>; uint32_t = unsigned int; typename boost::call_traits<T>::param_type = const Eigen::Matrix<double, 3, 1>&][m[K’:
[01m[K/opt/ros/melodic/include/ros/serialization.h:172:41:[m[K   required from ‘[01m[Kuint32_t ros::serialization::serializationLength(const T&) [with T = Eigen::Matrix<double, 3, 1>; uint32_t = unsigned int][m[K’
[01m[K/opt/ros/melodic/include/ros/serialization.h:807:37:[m[K   required from ‘[01m[Kros::SerializedMessage ros::serialization::serializeMessage(const M&) [with M = Eigen::Matrix<double, 3, 1>][m[K’
[01m[K/opt/ros/melodic/include/ros/publisher.h:125:26:[m[K   required from ‘[01m[Kvoid ros::Publisher::publish(const M&) const [with M = Eigen::Matrix<double, 3, 1>][m[K’
[01m[K/home/cheng/fault_tolerant_control/src/rotors_interface/src/rotors_interface.cpp:222:47:[m[K   required from here
[01m[K/opt/ros/melodic/include/ros/serialization.h:144:14:[m[K [01;31m[Kerror: [m[K‘[01m[Kconst class Eigen::Matrix<double, 3, 1>[m[K’ has no member named ‘[01m[KserializationLength[m[K’
     return [01;31m[Kt.serializationLength[m[K();
            [01;31m[K~~^~~~~~~~~~~~~~~~~~~[m[K
/opt/ros/melodic/include/ros/serialization.h: In instantiation of ‘[01m[Kstatic void ros::serialization::Serializer<T>::write(Stream&, typename boost::call_traits<T>::param_type) [with Stream = ros::serialization::OStream; T = Eigen::Matrix<double, 3, 1>; typename boost::call_traits<T>::param_type = const Eigen::Matrix<double, 3, 1>&][m[K’:
[01m[K/opt/ros/melodic/include/ros/serialization.h:154:23:[m[K   required from ‘[01m[Kvoid ros::serialization::serialize(Stream&, const T&) [with T = Eigen::Matrix<double, 3, 1>; Stream = ros::serialization::OStream][m[K’
[01m[K/opt/ros/melodic/include/ros/serialization.h:814:12:[m[K   required from ‘[01m[Kros::SerializedMessage ros::serialization::serializeMessage(const M&) [with M = Eigen::Matrix<double, 3, 1>][m[K’
[01m[K/opt/ros/melodic/include/ros/publisher.h:125:26:[m[K   required from ‘[01m[Kvoid ros::Publisher::publish(const M&) const [with M = Eigen::Matrix<double, 3, 1>][m[K’
[01m[K/home/cheng/fault_tolerant_control/src/rotors_interface/src/rotors_interface.cpp:222:47:[m[K   required from here
[01m[K/opt/ros/melodic/include/ros/serialization.h:127:7:[m[K [01;31m[Kerror: [m[K‘[01m[Kconst class Eigen::Matrix<double, 3, 1>[m[K’ has no member named ‘[01m[Kserialize[m[K’; did you mean ‘[01m[Knormalize[m[K’?
     [01;31m[Kt.serialize[m[K(stream.getData(), 0);
     [01;31m[K~~^~~~~~~~~[m[K
     [32m[Knormalize[m[K
make[2]: *** [CMakeFiles/rotors_interface.dir/src/rotors_interface.cpp.o] Error 1
make[1]: *** [CMakeFiles/rotors_interface.dir/all] Error 2
make: *** [all] Error 2
