Linked: (/home/cheng/fault_tolerant_control/devel/.private/quad_msgs/lib/python2.7/dist-packages/quad_msgs/__init__.py, /home/cheng/fault_tolerant_control/devel/lib/python2.7/dist-packages/quad_msgs/__init__.py)
Linked: (/home/cheng/fault_tolerant_control/devel/.private/quad_msgs/lib/python2.7/dist-packages/quad_msgs/msg/_QuadGpioPwmCtrl.py, /home/cheng/fault_tolerant_control/devel/lib/python2.7/dist-packages/quad_msgs/msg/_QuadGpioPwmCtrl.py)
Linked: (/home/cheng/fault_tolerant_control/devel/.private/quad_msgs/lib/python2.7/dist-packages/quad_msgs/msg/_QuadDesiredTorquesAndThrust.py, /home/cheng/fault_tolerant_control/devel/lib/python2.7/dist-packages/quad_msgs/msg/_QuadDesiredTorquesAndThrust.py)
Linked: (/home/cheng/fault_tolerant_control/devel/.private/quad_msgs/lib/python2.7/dist-packages/quad_msgs/msg/_QuadStateEstimate.py, /home/cheng/fault_tolerant_control/devel/lib/python2.7/dist-packages/quad_msgs/msg/_QuadStateEstimate.py)
Linked: (/home/cheng/fault_tolerant_control/devel/.private/quad_msgs/lib/python2.7/dist-packages/quad_msgs/msg/_OnboardStatus.py, /home/cheng/fault_tolerant_control/devel/lib/python2.7/dist-packages/quad_msgs/msg/_OnboardStatus.py)
Linked: (/home/cheng/fault_tolerant_control/devel/.private/quad_msgs/lib/python2.7/dist-packages/quad_msgs/msg/_QuadRotorThrusts.py, /home/cheng/fault_tolerant_control/devel/lib/python2.7/dist-packages/quad_msgs/msg/_QuadRotorThrusts.py)
Linked: (/home/cheng/fault_tolerant_control/devel/.private/quad_msgs/lib/python2.7/dist-packages/quad_msgs/msg/_ControllerFeedback.py, /home/cheng/fault_tolerant_control/devel/lib/python2.7/dist-packages/quad_msgs/msg/_ControllerFeedback.py)
Linked: (/home/cheng/fault_tolerant_control/devel/.private/quad_msgs/lib/python2.7/dist-packages/quad_msgs/msg/_ControlCommand.py, /home/cheng/fault_tolerant_control/devel/lib/python2.7/dist-packages/quad_msgs/msg/_ControlCommand.py)
Linked: (/home/cheng/fault_tolerant_control/devel/.private/quad_msgs/lib/python2.7/dist-packages/quad_msgs/msg/__init__.py, /home/cheng/fault_tolerant_control/devel/lib/python2.7/dist-packages/quad_msgs/msg/__init__.py)
Linked: (/home/cheng/fault_tolerant_control/devel/.private/quad_msgs/lib/python2.7/dist-packages/quad_msgs/msg/_QuadDesiredState.py, /home/cheng/fault_tolerant_control/devel/lib/python2.7/dist-packages/quad_msgs/msg/_QuadDesiredState.py)
Linked: (/home/cheng/fault_tolerant_control/devel/.private/quad_msgs/lib/python2.7/dist-packages/quad_msgs/msg/_OnboardParameter.py, /home/cheng/fault_tolerant_control/devel/lib/python2.7/dist-packages/quad_msgs/msg/_OnboardParameter.py)
Linked: (/home/cheng/fault_tolerant_control/devel/.private/quad_msgs/lib/python2.7/dist-packages/quad_msgs/msg/_Px4Timesync.py, /home/cheng/fault_tolerant_control/devel/lib/python2.7/dist-packages/quad_msgs/msg/_Px4Timesync.py)
Linked: (/home/cheng/fault_tolerant_control/devel/.private/quad_msgs/lib/python2.7/dist-packages/quad_msgs/msg/_QuadReferenceCommand.py, /home/cheng/fault_tolerant_control/devel/lib/python2.7/dist-packages/quad_msgs/msg/_QuadReferenceCommand.py)
Linked: (/home/cheng/fault_tolerant_control/devel/.private/quad_msgs/lib/pkgconfig/quad_msgs.pc, /home/cheng/fault_tolerant_control/devel/lib/pkgconfig/quad_msgs.pc)
Linked: (/home/cheng/fault_tolerant_control/devel/.private/quad_msgs/include/quad_msgs/OnboardParameter.h, /home/cheng/fault_tolerant_control/devel/include/quad_msgs/OnboardParameter.h)
Linked: (/home/cheng/fault_tolerant_control/devel/.private/quad_msgs/include/quad_msgs/OnboardStatus.h, /home/cheng/fault_tolerant_control/devel/include/quad_msgs/OnboardStatus.h)
Linked: (/home/cheng/fault_tolerant_control/devel/.private/quad_msgs/include/quad_msgs/QuadDesiredState.h, /home/cheng/fault_tolerant_control/devel/include/quad_msgs/QuadDesiredState.h)
Linked: (/home/cheng/fault_tolerant_control/devel/.private/quad_msgs/include/quad_msgs/ControlCommand.h, /home/cheng/fault_tolerant_control/devel/include/quad_msgs/ControlCommand.h)
Linked: (/home/cheng/fault_tolerant_control/devel/.private/quad_msgs/include/quad_msgs/QuadGpioPwmCtrl.h, /home/cheng/fault_tolerant_control/devel/include/quad_msgs/QuadGpioPwmCtrl.h)
Linked: (/home/cheng/fault_tolerant_control/devel/.private/quad_msgs/include/quad_msgs/ControllerFeedback.h, /home/cheng/fault_tolerant_control/devel/include/quad_msgs/ControllerFeedback.h)
Linked: (/home/cheng/fault_tolerant_control/devel/.private/quad_msgs/include/quad_msgs/QuadDesiredTorquesAndThrust.h, /home/cheng/fault_tolerant_control/devel/include/quad_msgs/QuadDesiredTorquesAndThrust.h)
Linked: (/home/cheng/fault_tolerant_control/devel/.private/quad_msgs/include/quad_msgs/Px4Timesync.h, /home/cheng/fault_tolerant_control/devel/include/quad_msgs/Px4Timesync.h)
Linked: (/home/cheng/fault_tolerant_control/devel/.private/quad_msgs/include/quad_msgs/QuadReferenceCommand.h, /home/cheng/fault_tolerant_control/devel/include/quad_msgs/QuadReferenceCommand.h)
Linked: (/home/cheng/fault_tolerant_control/devel/.private/quad_msgs/include/quad_msgs/QuadRotorThrusts.h, /home/cheng/fault_tolerant_control/devel/include/quad_msgs/QuadRotorThrusts.h)
Linked: (/home/cheng/fault_tolerant_control/devel/.private/quad_msgs/include/quad_msgs/QuadStateEstimate.h, /home/cheng/fault_tolerant_control/devel/include/quad_msgs/QuadStateEstimate.h)
Linked: (/home/cheng/fault_tolerant_control/devel/.private/quad_msgs/share/roseus/ros/quad_msgs/manifest.l, /home/cheng/fault_tolerant_control/devel/share/roseus/ros/quad_msgs/manifest.l)
Linked: (/home/cheng/fault_tolerant_control/devel/.private/quad_msgs/share/roseus/ros/quad_msgs/msg/QuadDesiredTorquesAndThrust.l, /home/cheng/fault_tolerant_control/devel/share/roseus/ros/quad_msgs/msg/QuadDesiredTorquesAndThrust.l)
Linked: (/home/cheng/fault_tolerant_control/devel/.private/quad_msgs/share/roseus/ros/quad_msgs/msg/QuadGpioPwmCtrl.l, /home/cheng/fault_tolerant_control/devel/share/roseus/ros/quad_msgs/msg/QuadGpioPwmCtrl.l)
Linked: (/home/cheng/fault_tolerant_control/devel/.private/quad_msgs/share/roseus/ros/quad_msgs/msg/Px4Timesync.l, /home/cheng/fault_tolerant_control/devel/share/roseus/ros/quad_msgs/msg/Px4Timesync.l)
Linked: (/home/cheng/fault_tolerant_control/devel/.private/quad_msgs/share/roseus/ros/quad_msgs/msg/ControlCommand.l, /home/cheng/fault_tolerant_control/devel/share/roseus/ros/quad_msgs/msg/ControlCommand.l)
Linked: (/home/cheng/fault_tolerant_control/devel/.private/quad_msgs/share/roseus/ros/quad_msgs/msg/QuadDesiredState.l, /home/cheng/fault_tolerant_control/devel/share/roseus/ros/quad_msgs/msg/QuadDesiredState.l)
Linked: (/home/cheng/fault_tolerant_control/devel/.private/quad_msgs/share/roseus/ros/quad_msgs/msg/OnboardParameter.l, /home/cheng/fault_tolerant_control/devel/share/roseus/ros/quad_msgs/msg/OnboardParameter.l)
Linked: (/home/cheng/fault_tolerant_control/devel/.private/quad_msgs/share/roseus/ros/quad_msgs/msg/QuadRotorThrusts.l, /home/cheng/fault_tolerant_control/devel/share/roseus/ros/quad_msgs/msg/QuadRotorThrusts.l)
Linked: (/home/cheng/fault_tolerant_control/devel/.private/quad_msgs/share/roseus/ros/quad_msgs/msg/ControllerFeedback.l, /home/cheng/fault_tolerant_control/devel/share/roseus/ros/quad_msgs/msg/ControllerFeedback.l)
Linked: (/home/cheng/fault_tolerant_control/devel/.private/quad_msgs/share/roseus/ros/quad_msgs/msg/QuadReferenceCommand.l, /home/cheng/fault_tolerant_control/devel/share/roseus/ros/quad_msgs/msg/QuadReferenceCommand.l)
Linked: (/home/cheng/fault_tolerant_control/devel/.private/quad_msgs/share/roseus/ros/quad_msgs/msg/QuadStateEstimate.l, /home/cheng/fault_tolerant_control/devel/share/roseus/ros/quad_msgs/msg/QuadStateEstimate.l)
Linked: (/home/cheng/fault_tolerant_control/devel/.private/quad_msgs/share/roseus/ros/quad_msgs/msg/OnboardStatus.l, /home/cheng/fault_tolerant_control/devel/share/roseus/ros/quad_msgs/msg/OnboardStatus.l)
Linked: (/home/cheng/fault_tolerant_control/devel/.private/quad_msgs/share/quad_msgs/cmake/quad_msgsConfig.cmake, /home/cheng/fault_tolerant_control/devel/share/quad_msgs/cmake/quad_msgsConfig.cmake)
Linked: (/home/cheng/fault_tolerant_control/devel/.private/quad_msgs/share/quad_msgs/cmake/quad_msgs-msg-extras.cmake, /home/cheng/fault_tolerant_control/devel/share/quad_msgs/cmake/quad_msgs-msg-extras.cmake)
Linked: (/home/cheng/fault_tolerant_control/devel/.private/quad_msgs/share/quad_msgs/cmake/quad_msgsConfig-version.cmake, /home/cheng/fault_tolerant_control/devel/share/quad_msgs/cmake/quad_msgsConfig-version.cmake)
Linked: (/home/cheng/fault_tolerant_control/devel/.private/quad_msgs/share/quad_msgs/cmake/quad_msgs-msg-paths.cmake, /home/cheng/fault_tolerant_control/devel/share/quad_msgs/cmake/quad_msgs-msg-paths.cmake)
Linked: (/home/cheng/fault_tolerant_control/devel/.private/quad_msgs/share/common-lisp/ros/quad_msgs/msg/_package_Px4Timesync.lisp, /home/cheng/fault_tolerant_control/devel/share/common-lisp/ros/quad_msgs/msg/_package_Px4Timesync.lisp)
Linked: (/home/cheng/fault_tolerant_control/devel/.private/quad_msgs/share/common-lisp/ros/quad_msgs/msg/QuadGpioPwmCtrl.lisp, /home/cheng/fault_tolerant_control/devel/share/common-lisp/ros/quad_msgs/msg/QuadGpioPwmCtrl.lisp)
Linked: (/home/cheng/fault_tolerant_control/devel/.private/quad_msgs/share/common-lisp/ros/quad_msgs/msg/QuadDesiredTorquesAndThrust.lisp, /home/cheng/fault_tolerant_control/devel/share/common-lisp/ros/quad_msgs/msg/QuadDesiredTorquesAndThrust.lisp)
Linked: (/home/cheng/fault_tolerant_control/devel/.private/quad_msgs/share/common-lisp/ros/quad_msgs/msg/_package_QuadRotorThrusts.lisp, /home/cheng/fault_tolerant_control/devel/share/common-lisp/ros/quad_msgs/msg/_package_QuadRotorThrusts.lisp)
Linked: (/home/cheng/fault_tolerant_control/devel/.private/quad_msgs/share/common-lisp/ros/quad_msgs/msg/Px4Timesync.lisp, /home/cheng/fault_tolerant_control/devel/share/common-lisp/ros/quad_msgs/msg/Px4Timesync.lisp)
Linked: (/home/cheng/fault_tolerant_control/devel/.private/quad_msgs/share/common-lisp/ros/quad_msgs/msg/QuadStateEstimate.lisp, /home/cheng/fault_tolerant_control/devel/share/common-lisp/ros/quad_msgs/msg/QuadStateEstimate.lisp)
Linked: (/home/cheng/fault_tolerant_control/devel/.private/quad_msgs/share/common-lisp/ros/quad_msgs/msg/QuadDesiredState.lisp, /home/cheng/fault_tolerant_control/devel/share/common-lisp/ros/quad_msgs/msg/QuadDesiredState.lisp)
Linked: (/home/cheng/fault_tolerant_control/devel/.private/quad_msgs/share/common-lisp/ros/quad_msgs/msg/_package_ControllerFeedback.lisp, /home/cheng/fault_tolerant_control/devel/share/common-lisp/ros/quad_msgs/msg/_package_ControllerFeedback.lisp)
Linked: (/home/cheng/fault_tolerant_control/devel/.private/quad_msgs/share/common-lisp/ros/quad_msgs/msg/_package_QuadDesiredState.lisp, /home/cheng/fault_tolerant_control/devel/share/common-lisp/ros/quad_msgs/msg/_package_QuadDesiredState.lisp)
Linked: (/home/cheng/fault_tolerant_control/devel/.private/quad_msgs/share/common-lisp/ros/quad_msgs/msg/OnboardParameter.lisp, /home/cheng/fault_tolerant_control/devel/share/common-lisp/ros/quad_msgs/msg/OnboardParameter.lisp)
Linked: (/home/cheng/fault_tolerant_control/devel/.private/quad_msgs/share/common-lisp/ros/quad_msgs/msg/quad_msgs-msg.asd, /home/cheng/fault_tolerant_control/devel/share/common-lisp/ros/quad_msgs/msg/quad_msgs-msg.asd)
Linked: (/home/cheng/fault_tolerant_control/devel/.private/quad_msgs/share/common-lisp/ros/quad_msgs/msg/ControlCommand.lisp, /home/cheng/fault_tolerant_control/devel/share/common-lisp/ros/quad_msgs/msg/ControlCommand.lisp)
Linked: (/home/cheng/fault_tolerant_control/devel/.private/quad_msgs/share/common-lisp/ros/quad_msgs/msg/QuadReferenceCommand.lisp, /home/cheng/fault_tolerant_control/devel/share/common-lisp/ros/quad_msgs/msg/QuadReferenceCommand.lisp)
Linked: (/home/cheng/fault_tolerant_control/devel/.private/quad_msgs/share/common-lisp/ros/quad_msgs/msg/_package_OnboardStatus.lisp, /home/cheng/fault_tolerant_control/devel/share/common-lisp/ros/quad_msgs/msg/_package_OnboardStatus.lisp)
Linked: (/home/cheng/fault_tolerant_control/devel/.private/quad_msgs/share/common-lisp/ros/quad_msgs/msg/_package_QuadStateEstimate.lisp, /home/cheng/fault_tolerant_control/devel/share/common-lisp/ros/quad_msgs/msg/_package_QuadStateEstimate.lisp)
Linked: (/home/cheng/fault_tolerant_control/devel/.private/quad_msgs/share/common-lisp/ros/quad_msgs/msg/_package_QuadReferenceCommand.lisp, /home/cheng/fault_tolerant_control/devel/share/common-lisp/ros/quad_msgs/msg/_package_QuadReferenceCommand.lisp)
Linked: (/home/cheng/fault_tolerant_control/devel/.private/quad_msgs/share/common-lisp/ros/quad_msgs/msg/_package.lisp, /home/cheng/fault_tolerant_control/devel/share/common-lisp/ros/quad_msgs/msg/_package.lisp)
Linked: (/home/cheng/fault_tolerant_control/devel/.private/quad_msgs/share/common-lisp/ros/quad_msgs/msg/ControllerFeedback.lisp, /home/cheng/fault_tolerant_control/devel/share/common-lisp/ros/quad_msgs/msg/ControllerFeedback.lisp)
Linked: (/home/cheng/fault_tolerant_control/devel/.private/quad_msgs/share/common-lisp/ros/quad_msgs/msg/_package_ControlCommand.lisp, /home/cheng/fault_tolerant_control/devel/share/common-lisp/ros/quad_msgs/msg/_package_ControlCommand.lisp)
Linked: (/home/cheng/fault_tolerant_control/devel/.private/quad_msgs/share/common-lisp/ros/quad_msgs/msg/OnboardStatus.lisp, /home/cheng/fault_tolerant_control/devel/share/common-lisp/ros/quad_msgs/msg/OnboardStatus.lisp)
Linked: (/home/cheng/fault_tolerant_control/devel/.private/quad_msgs/share/common-lisp/ros/quad_msgs/msg/_package_OnboardParameter.lisp, /home/cheng/fault_tolerant_control/devel/share/common-lisp/ros/quad_msgs/msg/_package_OnboardParameter.lisp)
Linked: (/home/cheng/fault_tolerant_control/devel/.private/quad_msgs/share/common-lisp/ros/quad_msgs/msg/_package_QuadDesiredTorquesAndThrust.lisp, /home/cheng/fault_tolerant_control/devel/share/common-lisp/ros/quad_msgs/msg/_package_QuadDesiredTorquesAndThrust.lisp)
Linked: (/home/cheng/fault_tolerant_control/devel/.private/quad_msgs/share/common-lisp/ros/quad_msgs/msg/_package_QuadGpioPwmCtrl.lisp, /home/cheng/fault_tolerant_control/devel/share/common-lisp/ros/quad_msgs/msg/_package_QuadGpioPwmCtrl.lisp)
Linked: (/home/cheng/fault_tolerant_control/devel/.private/quad_msgs/share/common-lisp/ros/quad_msgs/msg/QuadRotorThrusts.lisp, /home/cheng/fault_tolerant_control/devel/share/common-lisp/ros/quad_msgs/msg/QuadRotorThrusts.lisp)
Linked: (/home/cheng/fault_tolerant_control/devel/.private/quad_msgs/share/gennodejs/ros/quad_msgs/_index.js, /home/cheng/fault_tolerant_control/devel/share/gennodejs/ros/quad_msgs/_index.js)
Linked: (/home/cheng/fault_tolerant_control/devel/.private/quad_msgs/share/gennodejs/ros/quad_msgs/msg/QuadDesiredTorquesAndThrust.js, /home/cheng/fault_tolerant_control/devel/share/gennodejs/ros/quad_msgs/msg/QuadDesiredTorquesAndThrust.js)
Linked: (/home/cheng/fault_tolerant_control/devel/.private/quad_msgs/share/gennodejs/ros/quad_msgs/msg/Px4Timesync.js, /home/cheng/fault_tolerant_control/devel/share/gennodejs/ros/quad_msgs/msg/Px4Timesync.js)
Linked: (/home/cheng/fault_tolerant_control/devel/.private/quad_msgs/share/gennodejs/ros/quad_msgs/msg/_index.js, /home/cheng/fault_tolerant_control/devel/share/gennodejs/ros/quad_msgs/msg/_index.js)
Linked: (/home/cheng/fault_tolerant_control/devel/.private/quad_msgs/share/gennodejs/ros/quad_msgs/msg/QuadGpioPwmCtrl.js, /home/cheng/fault_tolerant_control/devel/share/gennodejs/ros/quad_msgs/msg/QuadGpioPwmCtrl.js)
Linked: (/home/cheng/fault_tolerant_control/devel/.private/quad_msgs/share/gennodejs/ros/quad_msgs/msg/OnboardStatus.js, /home/cheng/fault_tolerant_control/devel/share/gennodejs/ros/quad_msgs/msg/OnboardStatus.js)
Linked: (/home/cheng/fault_tolerant_control/devel/.private/quad_msgs/share/gennodejs/ros/quad_msgs/msg/QuadStateEstimate.js, /home/cheng/fault_tolerant_control/devel/share/gennodejs/ros/quad_msgs/msg/QuadStateEstimate.js)
Linked: (/home/cheng/fault_tolerant_control/devel/.private/quad_msgs/share/gennodejs/ros/quad_msgs/msg/ControllerFeedback.js, /home/cheng/fault_tolerant_control/devel/share/gennodejs/ros/quad_msgs/msg/ControllerFeedback.js)
Linked: (/home/cheng/fault_tolerant_control/devel/.private/quad_msgs/share/gennodejs/ros/quad_msgs/msg/OnboardParameter.js, /home/cheng/fault_tolerant_control/devel/share/gennodejs/ros/quad_msgs/msg/OnboardParameter.js)
Linked: (/home/cheng/fault_tolerant_control/devel/.private/quad_msgs/share/gennodejs/ros/quad_msgs/msg/ControlCommand.js, /home/cheng/fault_tolerant_control/devel/share/gennodejs/ros/quad_msgs/msg/ControlCommand.js)
Linked: (/home/cheng/fault_tolerant_control/devel/.private/quad_msgs/share/gennodejs/ros/quad_msgs/msg/QuadDesiredState.js, /home/cheng/fault_tolerant_control/devel/share/gennodejs/ros/quad_msgs/msg/QuadDesiredState.js)
Linked: (/home/cheng/fault_tolerant_control/devel/.private/quad_msgs/share/gennodejs/ros/quad_msgs/msg/QuadReferenceCommand.js, /home/cheng/fault_tolerant_control/devel/share/gennodejs/ros/quad_msgs/msg/QuadReferenceCommand.js)
Linked: (/home/cheng/fault_tolerant_control/devel/.private/quad_msgs/share/gennodejs/ros/quad_msgs/msg/QuadRotorThrusts.js, /home/cheng/fault_tolerant_control/devel/share/gennodejs/ros/quad_msgs/msg/QuadRotorThrusts.js)
