[35m[1mScanning dependencies of target _quad_msgs_generate_messages_check_deps_ControllerFeedback[0m
[35m[1mScanning dependencies of target geometry_msgs_generate_messages_cpp[0m
[35m[1mScanning dependencies of target std_msgs_generate_messages_cpp[0m
[35m[1mScanning dependencies of target _quad_msgs_generate_messages_check_deps_QuadReferenceCommand[0m
[35m[1mScanning dependencies of target _quad_msgs_generate_messages_check_deps_QuadGpioPwmCtrl[0m
[35m[1mScanning dependencies of target _quad_msgs_generate_messages_check_deps_Px4Timesync[0m
[35m[1mScanning dependencies of target _quad_msgs_generate_messages_check_deps_QuadDesiredState[0m
[  0%] Built target _quad_msgs_generate_messages_check_deps_ControllerFeedback
[  0%] Built target std_msgs_generate_messages_cpp
[  0%] Built target geometry_msgs_generate_messages_cpp
[35m[1mScanning dependencies of target _quad_msgs_generate_messages_check_deps_QuadStateEstimate[0m
[35m[1mScanning dependencies of target _quad_msgs_generate_messages_check_deps_QuadRotorThrusts[0m
[  0%] Built target _quad_msgs_generate_messages_check_deps_QuadReferenceCommand
[35m[1mScanning dependencies of target _quad_msgs_generate_messages_check_deps_OnboardStatus[0m
[35m[1mScanning dependencies of target _quad_msgs_generate_messages_check_deps_OnboardParameter[0m
[  0%] Built target _quad_msgs_generate_messages_check_deps_QuadDesiredState
[  0%] Built target _quad_msgs_generate_messages_check_deps_QuadStateEstimate
[  0%] Built target _quad_msgs_generate_messages_check_deps_Px4Timesync
[35m[1mScanning dependencies of target geometry_msgs_generate_messages_eus[0m
[35m[1mScanning dependencies of target std_msgs_generate_messages_eus[0m
[  0%] Built target _quad_msgs_generate_messages_check_deps_QuadGpioPwmCtrl
[  0%] Built target _quad_msgs_generate_messages_check_deps_QuadRotorThrusts
[  0%] Built target _quad_msgs_generate_messages_check_deps_OnboardStatus
[35m[1mScanning dependencies of target geometry_msgs_generate_messages_lisp[0m
[35m[1mScanning dependencies of target std_msgs_generate_messages_lisp[0m
[35m[1mScanning dependencies of target geometry_msgs_generate_messages_py[0m
[35m[1mScanning dependencies of target _quad_msgs_generate_messages_check_deps_QuadDesiredTorquesAndThrust[0m
[35m[1mScanning dependencies of target _quad_msgs_generate_messages_check_deps_ControlCommand[0m
[  0%] Built target geometry_msgs_generate_messages_eus
[  0%] Built target std_msgs_generate_messages_lisp
[  0%] Built target geometry_msgs_generate_messages_lisp
[  0%] Built target std_msgs_generate_messages_eus
[35m[1mScanning dependencies of target std_msgs_generate_messages_py[0m
[35m[1mScanning dependencies of target std_msgs_generate_messages_nodejs[0m
[35m[1mScanning dependencies of target geometry_msgs_generate_messages_nodejs[0m
[  0%] Built target geometry_msgs_generate_messages_py
[  0%] Built target _quad_msgs_generate_messages_check_deps_OnboardParameter
[  0%] Built target _quad_msgs_generate_messages_check_deps_ControlCommand
[  0%] Built target geometry_msgs_generate_messages_nodejs
[  0%] Built target std_msgs_generate_messages_nodejs
[  0%] Built target std_msgs_generate_messages_py
[  0%] Built target _quad_msgs_generate_messages_check_deps_QuadDesiredTorquesAndThrust
[35m[1mScanning dependencies of target quad_msgs_generate_messages_cpp[0m
[ 19%] Built target quad_msgs_generate_messages_cpp
[35m[1mScanning dependencies of target quad_msgs_generate_messages_eus[0m
[35m[1mScanning dependencies of target quad_msgs_generate_messages_lisp[0m
[35m[1mScanning dependencies of target quad_msgs_generate_messages_nodejs[0m
[35m[1mScanning dependencies of target quad_msgs_generate_messages_py[0m
[ 40%] Built target quad_msgs_generate_messages_eus
[ 61%] Built target quad_msgs_generate_messages_py
[100%] Built target quad_msgs_generate_messages_nodejs
[100%] Built target quad_msgs_generate_messages_lisp
[35m[1mScanning dependencies of target quad_msgs_generate_messages[0m
[100%] Built target quad_msgs_generate_messages
