[35m[1mScanning dependencies of target std_msgs_generate_messages_cpp[0m
[35m[1mScanning dependencies of target _mav_system_msgs_generate_messages_check_deps_CpuInfo[0m
[35m[1mScanning dependencies of target _mav_system_msgs_generate_messages_check_deps_ProcessInfo[0m
[35m[1mScanning dependencies of target std_msgs_generate_messages_nodejs[0m
[35m[1mScanning dependencies of target std_msgs_generate_messages_py[0m
[35m[1mScanning dependencies of target std_msgs_generate_messages_lisp[0m
[  0%] Built target std_msgs_generate_messages_cpp
[35m[1mScanning dependencies of target std_msgs_generate_messages_eus[0m
[  0%] Built target _mav_system_msgs_generate_messages_check_deps_CpuInfo
[  0%] Built target _mav_system_msgs_generate_messages_check_deps_ProcessInfo
[35m[1mScanning dependencies of target mav_system_msgs_generate_messages_cpp[0m
[  0%] Built target std_msgs_generate_messages_nodejs
[  0%] Built target std_msgs_generate_messages_py
[  0%] Built target std_msgs_generate_messages_lisp
[  0%] Built target std_msgs_generate_messages_eus
[35m[1mScanning dependencies of target mav_system_msgs_generate_messages_nodejs[0m
[35m[1mScanning dependencies of target mav_system_msgs_generate_messages_py[0m
[35m[1mScanning dependencies of target mav_system_msgs_generate_messages_eus[0m
[35m[1mScanning dependencies of target mav_system_msgs_generate_messages_lisp[0m
[ 50%] Built target mav_system_msgs_generate_messages_eus
[ 58%] Built target mav_system_msgs_generate_messages_cpp
[ 58%] Built target mav_system_msgs_generate_messages_lisp
[ 83%] Built target mav_system_msgs_generate_messages_py
[100%] Built target mav_system_msgs_generate_messages_nodejs
[35m[1mScanning dependencies of target mav_system_msgs_generate_messages[0m
[100%] Built target mav_system_msgs_generate_messages
