Performing C SOURCE FILE Test CMAKE_HAVE_LIBC_PTHREAD failed with the following output:
Change Dir: /home/cheng/fault_tolerant_control/build/catkin_simple/CMakeFiles/CMakeTmp

Run Build Command(s):/usr/bin/make cmTC_460ac/fast && /usr/bin/make  -f CMakeFiles/cmTC_460ac.dir/build.make CMakeFiles/cmTC_460ac.dir/build
make[1]: 进入目录“/home/cheng/fault_tolerant_control/build/catkin_simple/CMakeFiles/CMakeTmp”
Building C object CMakeFiles/cmTC_460ac.dir/src.c.o
/usr/bin/cc -DCMAKE_HAVE_LIBC_PTHREAD   -o CMakeFiles/cmTC_460ac.dir/src.c.o -c /home/cheng/fault_tolerant_control/build/catkin_simple/CMakeFiles/CMakeTmp/src.c
Linking C executable cmTC_460ac
/usr/local/bin/cmake -E cmake_link_script CMakeFiles/cmTC_460ac.dir/link.txt --verbose=1
/usr/bin/cc -rdynamic CMakeFiles/cmTC_460ac.dir/src.c.o -o cmTC_460ac 
CMakeFiles/cmTC_460ac.dir/src.c.o：在函数‘main’中：
src.c:(.text+0x3e)：对‘pthread_create’未定义的引用
src.c:(.text+0x4a)：对‘pthread_detach’未定义的引用
src.c:(.text+0x56)：对‘pthread_cancel’未定义的引用
src.c:(.text+0x67)：对‘pthread_join’未定义的引用
src.c:(.text+0x7b)：对‘pthread_atfork’未定义的引用
collect2: error: ld returned 1 exit status
CMakeFiles/cmTC_460ac.dir/build.make:105: recipe for target 'cmTC_460ac' failed
make[1]: *** [cmTC_460ac] Error 1
make[1]: 离开目录“/home/cheng/fault_tolerant_control/build/catkin_simple/CMakeFiles/CMakeTmp”
Makefile:140: recipe for target 'cmTC_460ac/fast' failed
make: *** [cmTC_460ac/fast] Error 2


Source file was:
#include <pthread.h>

static void* test_func(void* data)
{
  return data;
}

int main(void)
{
  pthread_t thread;
  pthread_create(&thread, NULL, test_func, NULL);
  pthread_detach(thread);
  pthread_cancel(thread);
  pthread_join(thread, NULL);
  pthread_atfork(NULL, NULL, NULL);
  pthread_exit(NULL);

  return 0;
}

Determining if the function pthread_create exists in the pthreads failed with the following output:
Change Dir: /home/cheng/fault_tolerant_control/build/catkin_simple/CMakeFiles/CMakeTmp

Run Build Command(s):/usr/bin/make cmTC_e522a/fast && /usr/bin/make  -f CMakeFiles/cmTC_e522a.dir/build.make CMakeFiles/cmTC_e522a.dir/build
make[1]: 进入目录“/home/cheng/fault_tolerant_control/build/catkin_simple/CMakeFiles/CMakeTmp”
Building C object CMakeFiles/cmTC_e522a.dir/CheckFunctionExists.c.o
/usr/bin/cc   -DCHECK_FUNCTION_EXISTS=pthread_create -o CMakeFiles/cmTC_e522a.dir/CheckFunctionExists.c.o -c /usr/local/share/cmake-3.19/Modules/CheckFunctionExists.c
Linking C executable cmTC_e522a
/usr/local/bin/cmake -E cmake_link_script CMakeFiles/cmTC_e522a.dir/link.txt --verbose=1
/usr/bin/cc  -DCHECK_FUNCTION_EXISTS=pthread_create -rdynamic CMakeFiles/cmTC_e522a.dir/CheckFunctionExists.c.o -o cmTC_e522a  -lpthreads 
/usr/bin/ld: 找不到 -lpthreads
collect2: error: ld returned 1 exit status
CMakeFiles/cmTC_e522a.dir/build.make:105: recipe for target 'cmTC_e522a' failed
make[1]: *** [cmTC_e522a] Error 1
make[1]: 离开目录“/home/cheng/fault_tolerant_control/build/catkin_simple/CMakeFiles/CMakeTmp”
Makefile:140: recipe for target 'cmTC_e522a/fast' failed
make: *** [cmTC_e522a/fast] Error 2



