[35m[1mScanning dependencies of target std_msgs_generate_messages_cpp[0m
[35m[1mScanning dependencies of target _mav_state_machine_msgs_generate_messages_check_deps_RunTaskService[0m
[35m[1mScanning dependencies of target _mav_state_machine_msgs_generate_messages_check_deps_StartStopTask[0m
[  0%] Built target std_msgs_generate_messages_cpp
[35m[1mScanning dependencies of target std_msgs_generate_messages_py[0m
[  0%] Built target std_msgs_generate_messages_py
[  0%] Built target _mav_state_machine_msgs_generate_messages_check_deps_RunTaskService
[  0%] Built target _mav_state_machine_msgs_generate_messages_check_deps_StartStopTask
[35m[1mScanning dependencies of target std_msgs_generate_messages_nodejs[0m
[35m[1mScanning dependencies of target std_msgs_generate_messages_lisp[0m
[  0%] Built target std_msgs_generate_messages_nodejs
[  0%] Built target std_msgs_generate_messages_lisp
[35m[1mScanning dependencies of target std_msgs_generate_messages_eus[0m
[  0%] Built target std_msgs_generate_messages_eus
[35m[1mScanning dependencies of target mav_state_machine_msgs_generate_messages_cpp[0m
[35m[1mScanning dependencies of target mav_state_machine_msgs_generate_messages_py[0m
[ 15%] Built target mav_state_machine_msgs_generate_messages_cpp
[ 46%] Built target mav_state_machine_msgs_generate_messages_py
[35m[1mScanning dependencies of target mav_state_machine_msgs_generate_messages_nodejs[0m
[35m[1mScanning dependencies of target mav_state_machine_msgs_generate_messages_lisp[0m
[ 61%] Built target mav_state_machine_msgs_generate_messages_nodejs
[ 76%] Built target mav_state_machine_msgs_generate_messages_lisp
[35m[1mScanning dependencies of target mav_state_machine_msgs_generate_messages_eus[0m
[100%] Built target mav_state_machine_msgs_generate_messages_eus
[35m[1mScanning dependencies of target mav_state_machine_msgs_generate_messages[0m
[100%] Built target mav_state_machine_msgs_generate_messages
